        -:    0:Source:dominion.c
        -:    0:Graph:dominion.gcno
        -:    0:Data:dominion.gcda
        -:    0:Runs:24
        -:    0:Programs:24
        -:    1:#include "dominion.h"
        -:    2:#include "dominion_helpers.h"
        -:    3:#include "rngs.h"
        -:    4:#include <stdio.h>
        -:    5:#include <math.h>
        -:    6:#include <stdlib.h>
        -:    7:
function compare called 977520 returned 100% blocks executed 83%
   977520:    8:int compare(const void* a, const void* b) {
   977520:    9:  if (*(int*)a > *(int*)b)
branch  0 taken 0 (fallthrough)
branch  1 taken 977520
    #####:   10:    return 1;
   977520:   11:  if (*(int*)a < *(int*)b)
branch  0 taken 260672 (fallthrough)
branch  1 taken 716848
   260672:   12:    return -1;
   716848:   13:  return 0;
        -:   14:}
        -:   15:
function newGame called 0 returned 0% blocks executed 0%
    #####:   16:struct gameState* newGame() {
    #####:   17:  struct gameState* g = malloc(sizeof(struct gameState));
    #####:   18:  return g;
        -:   19:}
        -:   20:
function kingdomCards called 0 returned 0% blocks executed 0%
    #####:   21:int* kingdomCards(int k1, int k2, int k3, int k4, int k5, int k6, int k7,
        -:   22:		  int k8, int k9, int k10) {
    #####:   23:  int* k = malloc(10 * sizeof(int));
    #####:   24:  k[0] = k1;
    #####:   25:  k[1] = k2;
    #####:   26:  k[2] = k3;
    #####:   27:  k[3] = k4;
    #####:   28:  k[4] = k5;
    #####:   29:  k[5] = k6;
    #####:   30:  k[6] = k7;
    #####:   31:  k[7] = k8;
    #####:   32:  k[8] = k9;
    #####:   33:  k[9] = k10;
    #####:   34:  return k;
        -:   35:}
        -:   36:
function initializeGame called 16292 returned 100% blocks executed 89%
    16292:   37:int initializeGame(int numPlayers, int kingdomCards[10], int randomSeed,
        -:   38:		   struct gameState *state) {
        -:   39:
        -:   40:  int i;
        -:   41:  int j;
        -:   42:  int it;			
        -:   43:  //set up random number generator
    16292:   44:  SelectStream(1);
call    0 returned 16292
    16292:   45:  PutSeed((long)randomSeed);
call    0 returned 16292
        -:   46:  
        -:   47:  //check number of players
    16292:   48:  if (numPlayers > MAX_PLAYERS || numPlayers < 2)
branch  0 taken 16292 (fallthrough)
branch  1 taken 0
branch  2 taken 0 (fallthrough)
branch  3 taken 16292
        -:   49:    {
    #####:   50:      return -1;
        -:   51:    }
        -:   52:
        -:   53:  //set number of players
    16292:   54:  state->numPlayers = numPlayers;
        -:   55:
        -:   56:  //check selected kingdom cards are different
   179212:   57:  for (i = 0; i < 10; i++)
branch  0 taken 162920
branch  1 taken 16292 (fallthrough)
        -:   58:    {
  1792120:   59:      for (j = 0; j < 10; j++)
branch  0 taken 1629200
branch  1 taken 162920 (fallthrough)
        -:   60:        {
  1629200:   61:	  if (j != i && kingdomCards[j] == kingdomCards[i])
branch  0 taken 1466280 (fallthrough)
branch  1 taken 162920
branch  2 taken 0 (fallthrough)
branch  3 taken 1466280
        -:   62:	    {
    #####:   63:	      return -1;
        -:   64:	    }
        -:   65:        }
        -:   66:    }
        -:   67:
        -:   68:
        -:   69:  //initialize supply
        -:   70:  ///////////////////////////////
        -:   71:
        -:   72:  //set number of Curse cards
    16292:   73:  if (numPlayers == 2)
branch  0 taken 0 (fallthrough)
branch  1 taken 16292
        -:   74:    {
    #####:   75:      state->supplyCount[curse] = 10;
        -:   76:    }
    16292:   77:  else if (numPlayers == 3)
branch  0 taken 0 (fallthrough)
branch  1 taken 16292
        -:   78:    {
    #####:   79:      state->supplyCount[curse] = 20;
        -:   80:    }
        -:   81:  else
        -:   82:    {
    16292:   83:      state->supplyCount[curse] = 30;
        -:   84:    }
        -:   85:
        -:   86:  //set number of Victory cards
    16292:   87:  if (numPlayers == 2)
branch  0 taken 0 (fallthrough)
branch  1 taken 16292
        -:   88:    {
    #####:   89:      state->supplyCount[estate] = 8;
    #####:   90:      state->supplyCount[duchy] = 8;
    #####:   91:      state->supplyCount[province] = 8;
        -:   92:    }
        -:   93:  else
        -:   94:    {
    16292:   95:      state->supplyCount[estate] = 12;
    16292:   96:      state->supplyCount[duchy] = 12;
    16292:   97:      state->supplyCount[province] = 12;
        -:   98:    }
        -:   99:
        -:  100:  //set number of Treasure cards
    16292:  101:  state->supplyCount[copper] = 60 - (7 * numPlayers);
    16292:  102:  state->supplyCount[silver] = 40;
    16292:  103:  state->supplyCount[gold] = 30;
        -:  104:
        -:  105:  //set number of Kingdom cards
   342132:  106:  for (i = adventurer; i <= treasure_map; i++)       	//loop all cards
branch  0 taken 325840
branch  1 taken 16292 (fallthrough)
        -:  107:    {
  2688180:  108:      for (j = 0; j < 10; j++)           		//loop chosen cards
branch  0 taken 2525260
branch  1 taken 162920 (fallthrough)
        -:  109:	{
  2525260:  110:	  if (kingdomCards[j] == i)
branch  0 taken 162920 (fallthrough)
branch  1 taken 2362340
        -:  111:	    {
        -:  112:	      //check if card is a 'Victory' Kingdom card
   162920:  113:	      if (kingdomCards[j] == great_hall || kingdomCards[j] == gardens)
branch  0 taken 146628 (fallthrough)
branch  1 taken 16292
branch  2 taken 16292 (fallthrough)
branch  3 taken 130336
        -:  114:		{
    65168:  115:		  if (numPlayers == 2){ 
branch  0 taken 0 (fallthrough)
branch  1 taken 32584
    #####:  116:		    state->supplyCount[i] = 8; 
        -:  117:		  }
    32584:  118:		  else{ state->supplyCount[i] = 12; }
        -:  119:		}
        -:  120:	      else
        -:  121:		{
   130336:  122:		  state->supplyCount[i] = 10;
        -:  123:		}
   162920:  124:	      break;
        -:  125:	    }
        -:  126:	  else    //card is not in the set choosen for the game
        -:  127:	    {
  2362340:  128:	      state->supplyCount[i] = -1;
        -:  129:	    }
        -:  130:	}
        -:  131:
        -:  132:    }
        -:  133:
        -:  134:  ////////////////////////
        -:  135:  //supply intilization complete
        -:  136:
        -:  137:  //set player decks
    81460:  138:  for (i = 0; i < numPlayers; i++)
branch  0 taken 65168
branch  1 taken 16292 (fallthrough)
        -:  139:    {
    65168:  140:      state->deckCount[i] = 0;
   260672:  141:      for (j = 0; j < 3; j++)
branch  0 taken 195504
branch  1 taken 65168 (fallthrough)
        -:  142:	{
   195504:  143:	  state->deck[i][j] = estate;
   195504:  144:	  state->deckCount[i]++;
        -:  145:	}
   521344:  146:      for (j = 3; j < 10; j++)
branch  0 taken 456176
branch  1 taken 65168 (fallthrough)
        -:  147:	{
   456176:  148:	  state->deck[i][j] = copper;
   456176:  149:	  state->deckCount[i]++;		
        -:  150:	}
        -:  151:    }
        -:  152:
        -:  153:  //shuffle player decks
    81460:  154:  for (i = 0; i < numPlayers; i++)
branch  0 taken 65168
branch  1 taken 16292 (fallthrough)
        -:  155:    {
    65168:  156:      if ( shuffle(i, state) < 0 )
call    0 returned 65168
branch  1 taken 0 (fallthrough)
branch  2 taken 65168
        -:  157:	{
    #####:  158:	  return -1;
        -:  159:	}
        -:  160:    }
        -:  161:
        -:  162:  //draw player hands
    81460:  163:  for (i = 0; i < numPlayers; i++)
branch  0 taken 65168
branch  1 taken 16292 (fallthrough)
        -:  164:    {  
        -:  165:      //initialize hand size to zero
    65168:  166:      state->handCount[i] = 0;
    65168:  167:      state->discardCount[i] = 0;
        -:  168:      //draw 5 cards
        -:  169:      // for (j = 0; j < 5; j++)
        -:  170:      //	{
        -:  171:      //	  drawCard(i, state);
        -:  172:      //	}
        -:  173:    }
        -:  174:  
        -:  175:  //set embargo tokens to 0 for all supply piles
   456176:  176:  for (i = 0; i <= treasure_map; i++)
branch  0 taken 439884
branch  1 taken 16292 (fallthrough)
        -:  177:    {
   439884:  178:      state->embargoTokens[i] = 0;
        -:  179:    }
        -:  180:
        -:  181:  //initialize first player's turn
    16292:  182:  state->outpostPlayed = 0;
    16292:  183:  state->phase = 0;
    16292:  184:  state->numActions = 1;
    16292:  185:  state->numBuys = 1;
    16292:  186:  state->playedCardCount = 0;
    16292:  187:  state->whoseTurn = 0;
    16292:  188:  state->handCount[state->whoseTurn] = 0;
        -:  189:  //int it; move to top
        -:  190:
        -:  191:  //Moved draw cards to here, only drawing at the start of a turn
    97752:  192:  for (it = 0; it < 5; it++){
branch  0 taken 81460
branch  1 taken 16292 (fallthrough)
    81460:  193:    drawCard(state->whoseTurn, state);
call    0 returned 81460
        -:  194:  }
        -:  195:
    16292:  196:  updateCoins(state->whoseTurn, state, 0);
call    0 returned 16292
        -:  197:
    16292:  198:  return 0;
        -:  199:}
        -:  200:
function shuffle called 65168 returned 100% blocks executed 94%
    65168:  201:int shuffle(int player, struct gameState *state) {
        -:  202: 
        -:  203:
        -:  204:  int newDeck[MAX_DECK];
    65168:  205:  int newDeckPos = 0;
        -:  206:  int card;
        -:  207:  int i;
        -:  208:
    65168:  209:  if (state->deckCount[player] < 1)
branch  0 taken 0 (fallthrough)
branch  1 taken 65168
    #####:  210:    return -1;
    65168:  211:  qsort ((void*)(state->deck[player]), state->deckCount[player], sizeof(int), compare); 
call    0 returned 65168
        -:  212:  /* SORT CARDS IN DECK TO ENSURE DETERMINISM! */
        -:  213:
   782016:  214:  while (state->deckCount[player] > 0) {
branch  0 taken 651680
branch  1 taken 65168 (fallthrough)
   651680:  215:    card = floor(Random() * state->deckCount[player]);
call    0 returned 651680
   651680:  216:    newDeck[newDeckPos] = state->deck[player][card];
   651680:  217:    newDeckPos++;
  2264588:  218:    for (i = card; i < state->deckCount[player]-1; i++) {
branch  0 taken 1612908
branch  1 taken 651680 (fallthrough)
  1612908:  219:      state->deck[player][i] = state->deck[player][i+1];
        -:  220:    }
   651680:  221:    state->deckCount[player]--;
        -:  222:  }
   716848:  223:  for (i = 0; i < newDeckPos; i++) {
branch  0 taken 651680
branch  1 taken 65168 (fallthrough)
   651680:  224:    state->deck[player][i] = newDeck[i];
   651680:  225:    state->deckCount[player]++;
        -:  226:  }
        -:  227:
    65168:  228:  return 0;
        -:  229:}
        -:  230:
function playCard called 220 returned 100% blocks executed 53%
      220:  231:int playCard(int handPos, int choice1, int choice2, int choice3, struct gameState *state) 
        -:  232:{	
        -:  233:  int card;
      220:  234:  int coin_bonus = 0; 		//tracks coins gain from actions
        -:  235:
        -:  236:  //check if it is the right phase
      220:  237:  if (state->phase != 0)
branch  0 taken 0 (fallthrough)
branch  1 taken 220
        -:  238:    {
    #####:  239:      return -1;
        -:  240:    }
        -:  241:	
        -:  242:  //check if player has enough actions
      220:  243:  if ( state->numActions < 1 )
branch  0 taken 0 (fallthrough)
branch  1 taken 220
        -:  244:    {
    #####:  245:      return -1;
        -:  246:    }
        -:  247:	
        -:  248:  //get card played
      220:  249:  card = handCard(handPos, state);
call    0 returned 220
        -:  250:	
        -:  251:  //check if selected card is an action
      220:  252:  if ( card < adventurer || card > treasure_map )
branch  0 taken 220 (fallthrough)
branch  1 taken 0
branch  2 taken 220 (fallthrough)
branch  3 taken 0
        -:  253:    {
      220:  254:      return -1;
        -:  255:    }
        -:  256:	
        -:  257:  //play card
    #####:  258:  if ( cardEffect(card, choice1, choice2, choice3, state, handPos, &coin_bonus) < 0 )
call    0 never executed
branch  1 never executed
branch  2 never executed
        -:  259:    {
    #####:  260:      return -1;
        -:  261:    }
        -:  262:	
        -:  263:  //reduce number of actions
    #####:  264:  state->numActions--;
        -:  265:
        -:  266:  //update coins (Treasure cards may be added with card draws)
    #####:  267:  updateCoins(state->whoseTurn, state, coin_bonus);
call    0 never executed
        -:  268:	
    #####:  269:  return 0;
        -:  270:}
        -:  271:
function buyCard called 0 returned 0% blocks executed 0%
    #####:  272:int buyCard(int supplyPos, struct gameState *state) {
        -:  273:  int who;
        -:  274:  if (DEBUG){
        -:  275:    printf("Entering buyCard...\n");
        -:  276:  }
        -:  277:
        -:  278:  // I don't know what to do about the phase thing.
        -:  279:
    #####:  280:  who = state->whoseTurn;
        -:  281:
    #####:  282:  if (state->numBuys < 1){
branch  0 never executed
branch  1 never executed
        -:  283:    if (DEBUG)
        -:  284:      printf("You do not have any buys left\n");
    #####:  285:    return -1;
    #####:  286:  } else if (supplyCount(supplyPos, state) <1){
call    0 never executed
branch  1 never executed
branch  2 never executed
        -:  287:    if (DEBUG)
        -:  288:      printf("There are not any of that type of card left\n");
    #####:  289:    return -1;
    #####:  290:  } else if (state->coins < getCost(supplyPos)){
call    0 never executed
branch  1 never executed
branch  2 never executed
        -:  291:    if (DEBUG) 
        -:  292:      printf("You do not have enough money to buy that. You have %d coins.\n", state->coins);
    #####:  293:    return -1;
        -:  294:  } else {
    #####:  295:    state->phase=1;
        -:  296:    //state->supplyCount[supplyPos]--;
    #####:  297:    gainCard(supplyPos, state, 0, who); //card goes in discard, this might be wrong.. (2 means goes into hand, 0 goes into discard)
call    0 never executed
        -:  298:  
    #####:  299:    state->coins = (state->coins) - (getCost(supplyPos));
call    0 never executed
    #####:  300:    state->numBuys--;
        -:  301:    if (DEBUG)
        -:  302:      printf("You bought card number %d for %d coins. You now have %d buys and %d coins.\n", supplyPos, getCost(supplyPos), state->numBuys, state->coins);
        -:  303:  }
        -:  304:
        -:  305:  //state->discard[who][state->discardCount[who]] = supplyPos;
        -:  306:  //state->discardCount[who]++;
        -:  307:    
    #####:  308:  return 0;
        -:  309:}
        -:  310:
function numHandCards called 0 returned 0% blocks executed 0%
    #####:  311:int numHandCards(struct gameState *state) {
    #####:  312:  return state->handCount[ whoseTurn(state) ];
call    0 never executed
        -:  313:}
        -:  314:
function handCard called 220 returned 100% blocks executed 100%
      220:  315:int handCard(int handPos, struct gameState *state) {
      220:  316:  int currentPlayer = whoseTurn(state);
call    0 returned 220
      220:  317:  return state->hand[currentPlayer][handPos];
        -:  318:}
        -:  319:
function supplyCount called 4270 returned 100% blocks executed 100%
     4270:  320:int supplyCount(int card, struct gameState *state) {
     4270:  321:  return state->supplyCount[card];
        -:  322:}
        -:  323:
function fullDeckCount called 96000 returned 100% blocks executed 100%
    96000:  324:int fullDeckCount(int player, int card, struct gameState *state) {
        -:  325:  int i;
    96000:  326:  int count = 0;
        -:  327:
 48096000:  328:  for (i = 0; i < state->deckCount[player]; i++)
branch  0 taken 48000000
branch  1 taken 96000 (fallthrough)
        -:  329:    {
 48000000:  330:      if (state->deck[player][i] == card) count++;
branch  0 taken 912000 (fallthrough)
branch  1 taken 47088000
        -:  331:    }
        -:  332:
 48096000:  333:  for (i = 0; i < state->handCount[player]; i++)
branch  0 taken 48000000
branch  1 taken 96000 (fallthrough)
        -:  334:    {
 48000000:  335:      if (state->hand[player][i] == card) count++;
branch  0 taken 912000 (fallthrough)
branch  1 taken 47088000
        -:  336:    }
        -:  337:
 48096000:  338:  for (i = 0; i < state->discardCount[player]; i++)
branch  0 taken 48000000
branch  1 taken 96000 (fallthrough)
        -:  339:    {
 48000000:  340:      if (state->discard[player][i] == card) count++;
branch  0 taken 912000 (fallthrough)
branch  1 taken 47088000
        -:  341:    }
        -:  342:
    96000:  343:  return count;
        -:  344:}
        -:  345:
function whoseTurn called 236 returned 100% blocks executed 100%
      236:  346:int whoseTurn(struct gameState *state) {
      236:  347:  return state->whoseTurn;
        -:  348:}
        -:  349:
function endTurn called 0 returned 0% blocks executed 0%
    #####:  350:int endTurn(struct gameState *state) {
        -:  351:  int k;
        -:  352:  int i;
    #####:  353:  int currentPlayer = whoseTurn(state);
call    0 never executed
        -:  354:  
        -:  355:  //Discard hand
    #####:  356:  for (i = 0; i < state->handCount[currentPlayer]; i++){
branch  0 never executed
branch  1 never executed
    #####:  357:    state->discard[currentPlayer][state->discardCount[currentPlayer]++] = state->hand[currentPlayer][i];//Discard
    #####:  358:    state->hand[currentPlayer][i] = -1;//Set card to -1
        -:  359:  }
    #####:  360:  state->handCount[currentPlayer] = 0;//Reset hand count
        -:  361:    
        -:  362:  //Code for determining the player
    #####:  363:  if (currentPlayer < (state->numPlayers - 1)){ 
branch  0 never executed
branch  1 never executed
    #####:  364:    state->whoseTurn = currentPlayer + 1;//Still safe to increment
        -:  365:  }
        -:  366:  else{
    #####:  367:    state->whoseTurn = 0;//Max player has been reached, loop back around to player 1
        -:  368:  }
        -:  369:
    #####:  370:  state->outpostPlayed = 0;
    #####:  371:  state->phase = 0;
    #####:  372:  state->numActions = 1;
    #####:  373:  state->coins = 0;
    #####:  374:  state->numBuys = 1;
    #####:  375:  state->playedCardCount = 0;
    #####:  376:  state->handCount[state->whoseTurn] = 0;
        -:  377:
        -:  378:  //int k; move to top
        -:  379:  //Next player draws hand
    #####:  380:  for (k = 0; k < 5; k++){
branch  0 never executed
branch  1 never executed
    #####:  381:    drawCard(state->whoseTurn, state);//Draw a card
call    0 never executed
        -:  382:  }
        -:  383:
        -:  384:  //Update money
    #####:  385:  updateCoins(state->whoseTurn, state , 0);
call    0 never executed
        -:  386:
    #####:  387:  return 0;
        -:  388:}
        -:  389:
function isGameOver called 81 returned 100% blocks executed 100%
       81:  390:int isGameOver(struct gameState *state) {
        -:  391:  int i;
        -:  392:  int j;
        -:  393:	
        -:  394:  //if stack of Province cards is empty, the game ends
       81:  395:  if (state->supplyCount[province] == 0)
branch  0 taken 3 (fallthrough)
branch  1 taken 78
        -:  396:    {
        3:  397:      return 1;
        -:  398:    }
        -:  399:
        -:  400:  //if three supply pile are at 0, the game ends
       78:  401:  j = 0;
     2028:  402:  for (i = 0; i < 25; i++)
branch  0 taken 1950
branch  1 taken 78 (fallthrough)
        -:  403:    {
     1950:  404:      if (state->supplyCount[i] == 0)
branch  0 taken 1044 (fallthrough)
branch  1 taken 906
        -:  405:	{
     1044:  406:	  j++;
        -:  407:	}
        -:  408:    }
       78:  409:  if ( j >= 3)
branch  0 taken 72 (fallthrough)
branch  1 taken 6
        -:  410:    {
       72:  411:      return 1;
        -:  412:    }
        -:  413:
        6:  414:  return 0;
        -:  415:}
        -:  416:
function scoreFor called 0 returned 0% blocks executed 0%
    #####:  417:int scoreFor (int player, struct gameState *state) {
        -:  418:
        -:  419:  int i;
    #####:  420:  int score = 0;
        -:  421:  //score from hand
    #####:  422:  for (i = 0; i < state->handCount[player]; i++)
branch  0 never executed
branch  1 never executed
        -:  423:    {
    #####:  424:      if (state->hand[player][i] == curse) { score = score - 1; };
branch  0 never executed
branch  1 never executed
    #####:  425:      if (state->hand[player][i] == estate) { score = score + 1; };
branch  0 never executed
branch  1 never executed
    #####:  426:      if (state->hand[player][i] == duchy) { score = score + 3; };
branch  0 never executed
branch  1 never executed
    #####:  427:      if (state->hand[player][i] == province) { score = score + 6; };
branch  0 never executed
branch  1 never executed
    #####:  428:      if (state->hand[player][i] == great_hall) { score = score + 1; };
branch  0 never executed
branch  1 never executed
    #####:  429:      if (state->hand[player][i] == gardens) { score = score + ( fullDeckCount(player, 0, state) / 10 ); };
branch  0 never executed
branch  1 never executed
call    2 never executed
        -:  430:    }
        -:  431:
        -:  432:  //score from discard
    #####:  433:  for (i = 0; i < state->discardCount[player]; i++)
branch  0 never executed
branch  1 never executed
        -:  434:    {
    #####:  435:      if (state->discard[player][i] == curse) { score = score - 1; };
branch  0 never executed
branch  1 never executed
    #####:  436:      if (state->discard[player][i] == estate) { score = score + 1; };
branch  0 never executed
branch  1 never executed
    #####:  437:      if (state->discard[player][i] == duchy) { score = score + 3; };
branch  0 never executed
branch  1 never executed
    #####:  438:      if (state->discard[player][i] == province) { score = score + 6; };
branch  0 never executed
branch  1 never executed
    #####:  439:      if (state->discard[player][i] == great_hall) { score = score + 1; };
branch  0 never executed
branch  1 never executed
    #####:  440:      if (state->discard[player][i] == gardens) { score = score + ( fullDeckCount(player, 0, state) / 10 ); };
branch  0 never executed
branch  1 never executed
call    2 never executed
        -:  441:    }
        -:  442:
        -:  443:  //score from deck
    #####:  444:  for (i = 0; i < state->discardCount[player]; i++)
branch  0 never executed
branch  1 never executed
        -:  445:    {
    #####:  446:      if (state->deck[player][i] == curse) { score = score - 1; };
branch  0 never executed
branch  1 never executed
    #####:  447:      if (state->deck[player][i] == estate) { score = score + 1; };
branch  0 never executed
branch  1 never executed
    #####:  448:      if (state->deck[player][i] == duchy) { score = score + 3; };
branch  0 never executed
branch  1 never executed
    #####:  449:      if (state->deck[player][i] == province) { score = score + 6; };
branch  0 never executed
branch  1 never executed
    #####:  450:      if (state->deck[player][i] == great_hall) { score = score + 1; };
branch  0 never executed
branch  1 never executed
    #####:  451:      if (state->deck[player][i] == gardens) { score = score + ( fullDeckCount(player, 0, state) / 10 ); };
branch  0 never executed
branch  1 never executed
call    2 never executed
        -:  452:    }
        -:  453:
    #####:  454:  return score;
        -:  455:}
        -:  456:
function getWinners called 0 returned 0% blocks executed 0%
    #####:  457:int getWinners(int players[MAX_PLAYERS], struct gameState *state) {
        -:  458:  int i;	
        -:  459:  int j;
        -:  460:  int highScore;
        -:  461:  int currentPlayer;
        -:  462:
        -:  463:  //get score for each player
    #####:  464:  for (i = 0; i < MAX_PLAYERS; i++)
branch  0 never executed
branch  1 never executed
        -:  465:    {
        -:  466:      //set unused player scores to -9999
    #####:  467:      if (i >= state->numPlayers)
branch  0 never executed
branch  1 never executed
        -:  468:	{
    #####:  469:	  players[i] = -9999;
        -:  470:	}
        -:  471:      else
        -:  472:	{
    #####:  473:	  players[i] = scoreFor (i, state);
call    0 never executed
        -:  474:	}
        -:  475:    }
        -:  476:
        -:  477:  //find highest score
    #####:  478:  j = 0;
    #####:  479:  for (i = 0; i < MAX_PLAYERS; i++)
branch  0 never executed
branch  1 never executed
        -:  480:    {
    #####:  481:      if (players[i] > players[j])
branch  0 never executed
branch  1 never executed
        -:  482:	{
    #####:  483:	  j = i;
        -:  484:	}
        -:  485:    }
    #####:  486:  highScore = players[j];
        -:  487:
        -:  488:  //add 1 to players who had less turns
    #####:  489:  currentPlayer = whoseTurn(state);
call    0 never executed
    #####:  490:  for (i = 0; i < MAX_PLAYERS; i++)
branch  0 never executed
branch  1 never executed
        -:  491:    {
    #####:  492:      if ( players[i] == highScore && i > currentPlayer )
branch  0 never executed
branch  1 never executed
branch  2 never executed
branch  3 never executed
        -:  493:	{
    #####:  494:	  players[i]++;
        -:  495:	}
        -:  496:    }
        -:  497:
        -:  498:  //find new highest score
    #####:  499:  j = 0;
    #####:  500:  for (i = 0; i < MAX_PLAYERS; i++)
branch  0 never executed
branch  1 never executed
        -:  501:    {
    #####:  502:      if ( players[i] > players[j] )
branch  0 never executed
branch  1 never executed
        -:  503:	{
    #####:  504:	  j = i;
        -:  505:	}
        -:  506:    }
    #####:  507:  highScore = players[j];
        -:  508:
        -:  509:  //set winners in array to 1 and rest to 0
    #####:  510:  for (i = 0; i < MAX_PLAYERS; i++)
branch  0 never executed
branch  1 never executed
        -:  511:    {
    #####:  512:      if ( players[i] == highScore )
branch  0 never executed
branch  1 never executed
        -:  513:	{
    #####:  514:	  players[i] = 1;
        -:  515:	}
        -:  516:      else
        -:  517:	{
    #####:  518:	  players[i] = 0;
        -:  519:	}
        -:  520:    }
        -:  521:
    #####:  522:  return 0;
        -:  523:}
        -:  524:
function drawCard called 81460 returned 100% blocks executed 38%
    81460:  525:int drawCard(int player, struct gameState *state)
        -:  526:{	int count;
        -:  527:  int deckCounter;
    81460:  528:  if (state->deckCount[player] <= 0){//Deck is empty
branch  0 taken 0 (fallthrough)
branch  1 taken 81460
        -:  529:    
        -:  530:    //Step 1 Shuffle the discard pile back into a deck
        -:  531:    int i;
        -:  532:    //Move discard to deck
    #####:  533:    for (i = 0; i < state->discardCount[player];i++){
branch  0 never executed
branch  1 never executed
    #####:  534:      state->deck[player][i] = state->discard[player][i];
    #####:  535:      state->discard[player][i] = -1;
        -:  536:    }
        -:  537:
    #####:  538:    state->deckCount[player] = state->discardCount[player];
    #####:  539:    state->discardCount[player] = 0;//Reset discard
        -:  540:
        -:  541:    //Shufffle the deck
    #####:  542:    shuffle(player, state);//Shuffle the deck up and make it so that we can draw
call    0 never executed
        -:  543:   
        -:  544:    if (DEBUG){//Debug statements
        -:  545:      printf("Deck count now: %d\n", state->deckCount[player]);
        -:  546:    }
        -:  547:    
    #####:  548:    state->discardCount[player] = 0;
        -:  549:
        -:  550:    //Step 2 Draw Card
    #####:  551:    count = state->handCount[player];//Get current player's hand count
        -:  552:    
        -:  553:    if (DEBUG){//Debug statements
        -:  554:      printf("Current hand count: %d\n", count);
        -:  555:    }
        -:  556:    
    #####:  557:    deckCounter = state->deckCount[player];//Create a holder for the deck count
        -:  558:
    #####:  559:    if (deckCounter == 0)
branch  0 never executed
branch  1 never executed
    #####:  560:      return -1;
        -:  561:
    #####:  562:    state->hand[player][count] = state->deck[player][deckCounter - 1];//Add card to hand
    #####:  563:    state->deckCount[player]--;
    #####:  564:    state->handCount[player]++;//Increment hand count
        -:  565:  }
        -:  566:
        -:  567:  else{
    81460:  568:    int count = state->handCount[player];//Get current hand count for player
        -:  569:    int deckCounter;
        -:  570:    if (DEBUG){//Debug statements
        -:  571:      printf("Current hand count: %d\n", count);
        -:  572:    }
        -:  573:
    81460:  574:    deckCounter = state->deckCount[player];//Create holder for the deck count
    81460:  575:    state->hand[player][count] = state->deck[player][deckCounter - 1];//Add card to the hand
    81460:  576:    state->deckCount[player]--;
    81460:  577:    state->handCount[player]++;//Increment hand count
        -:  578:  }
        -:  579:
    81460:  580:  return 0;
        -:  581:}
        -:  582:
function getCost called 0 returned 0% blocks executed 0%
    #####:  583:int getCost(int cardNumber)
        -:  584:{
    #####:  585:  switch( cardNumber ) 
branch  0 never executed
branch  1 never executed
branch  2 never executed
branch  3 never executed
branch  4 never executed
branch  5 never executed
branch  6 never executed
branch  7 never executed
branch  8 never executed
branch  9 never executed
branch 10 never executed
branch 11 never executed
branch 12 never executed
branch 13 never executed
branch 14 never executed
branch 15 never executed
branch 16 never executed
branch 17 never executed
branch 18 never executed
branch 19 never executed
branch 20 never executed
branch 21 never executed
branch 22 never executed
branch 23 never executed
branch 24 never executed
branch 25 never executed
branch 26 never executed
branch 27 never executed
        -:  586:    {
    #####:  587:    case curse:
    #####:  588:      return 0;
    #####:  589:    case estate:
    #####:  590:      return 2;
    #####:  591:    case duchy:
    #####:  592:      return 5;
    #####:  593:    case province:
    #####:  594:      return 8;
    #####:  595:    case copper:
    #####:  596:      return 0;
    #####:  597:    case silver:
    #####:  598:      return 3;
    #####:  599:    case gold:
    #####:  600:      return 6;
    #####:  601:    case adventurer:
    #####:  602:      return 6;
    #####:  603:    case council_room:
    #####:  604:      return 5;
    #####:  605:    case feast:
    #####:  606:      return 4;
    #####:  607:    case gardens:
    #####:  608:      return 4;
    #####:  609:    case mine:
    #####:  610:      return 5;
    #####:  611:    case remodel:
    #####:  612:      return 4;
    #####:  613:    case smithy:
    #####:  614:      return 4;
    #####:  615:    case village:
    #####:  616:      return 3;
    #####:  617:    case baron:
    #####:  618:      return 4;
    #####:  619:    case great_hall:
    #####:  620:      return 3;
    #####:  621:    case minion:
    #####:  622:      return 5;
    #####:  623:    case steward:
    #####:  624:      return 3;
    #####:  625:    case tribute:
    #####:  626:      return 5;
    #####:  627:    case ambassador:
    #####:  628:      return 3;
    #####:  629:    case cutpurse:
    #####:  630:      return 4;
    #####:  631:    case embargo: 
    #####:  632:      return 2;
    #####:  633:    case outpost:
    #####:  634:      return 5;
    #####:  635:    case salvager:
    #####:  636:      return 4;
    #####:  637:    case sea_hag:
    #####:  638:      return 4;
    #####:  639:    case treasure_map:
    #####:  640:      return 4;
        -:  641:    }
        -:  642:	
    #####:  643:  return -1;
        -:  644:}
        -:  645:
        -:  646:
        -:  647:
function Adventurer called 0 returned 0% blocks executed 0%
    #####:  648:int Adventurer(int card, int choice1, int choice2, int choice3, struct gameState *state, int handPos, int *bonus) {
    #####:  649:	int currentPlayer = whoseTurn(state);
call    0 never executed
        -:  650:
        -:  651:	int temphand[MAX_HAND];// moved above the if statement
    #####:  652:	int drawntreasure = 0;
        -:  653:	int cardDrawn;
    #####:  654:	int z = 0;// this is the counter for the temp hand
        -:  655:
    #####:  656:	while (drawntreasure<2) {
branch  0 never executed
branch  1 never executed
    #####:  657:		if (state->deckCount[currentPlayer] = 1) {//if the deck is empty we need to shuffle discard and add to deck
    #####:  658:			shuffle(currentPlayer, state);
call    0 never executed
        -:  659:		}
    #####:  660:		drawCard(currentPlayer, state);
call    0 never executed
    #####:  661:		cardDrawn = state->hand[currentPlayer][state->handCount[currentPlayer] - 1];//top card of hand is most recently drawn card.
    #####:  662:		if (cardDrawn == copper || cardDrawn == silver || cardDrawn == gold)
branch  0 never executed
branch  1 never executed
branch  2 never executed
branch  3 never executed
branch  4 never executed
branch  5 never executed
    #####:  663:			drawntreasure++;
        -:  664:		else {
    #####:  665:			temphand[z] = cardDrawn;
    #####:  666:			state->handCount[currentPlayer]--; //this should just remove the top card (the most recently drawn one).
    #####:  667:			z++;
        -:  668:		}
        -:  669:	}
    #####:  670:	while (z - 1 >= 0) {
branch  0 never executed
branch  1 never executed
    #####:  671:		state->discard[currentPlayer][state->discardCount[currentPlayer]++] = temphand[z - 1]; // discard all cards in play that have been drawn
    #####:  672:		z = z - 1;
        -:  673:	}
    #####:  674:	return 0;
        -:  675:}
        -:  676:
function Smithy called 0 returned 0% blocks executed 0%
    #####:  677:int Smithy(int card, int choice1, int choice2, int choice3, struct gameState *state, int handPos, int *bonus) {
        -:  678:	//+3 Cards
    #####:  679:	int currentPlayer = whoseTurn(state);
call    0 never executed
        -:  680:	int i;
        -:  681:
    #####:  682:	for (i = 0; i < 1; i++)
branch  0 never executed
branch  1 never executed
        -:  683:	{
    #####:  684:		drawCard(currentPlayer, state);
call    0 never executed
        -:  685:	}
        -:  686:
        -:  687:	//discard card from hand
    #####:  688:	discardCard(handPos, currentPlayer, state, 0);
call    0 never executed
    #####:  689:	return 0;
        -:  690:}
        -:  691:
function Village called 0 returned 0% blocks executed 0%
    #####:  692:int Village(int card, int choice1, int choice2, int choice3, struct gameState *state, int handPos, int *bonus) {
        -:  693:	//+1 Card
    #####:  694:	int currentPlayer = whoseTurn(state);
call    0 never executed
        -:  695:
    #####:  696:	drawCard(currentPlayer, state);
call    0 never executed
        -:  697:
        -:  698:	//+2 Actions
    #####:  699:	state->numActions = state->numActions * 2;
        -:  700:
        -:  701:	//discard played card from hand
    #####:  702:	discardCard(handPos, currentPlayer, state, 0);
call    0 never executed
        -:  703:
    #####:  704:	return 0;
        -:  705:}
function Great_hall called 0 returned 0% blocks executed 0%
    #####:  706:int Great_hall(int card, int choice1, int choice2, int choice3, struct gameState *state, int handPos, int *bonus) {
        -:  707:	//+1 Card
    #####:  708:	int currentPlayer = whoseTurn(state);
call    0 never executed
        -:  709:	
    #####:  710:	drawCard(currentPlayer, state);
call    0 never executed
        -:  711:
        -:  712:	//+1 Actions
    #####:  713:	state->numActions++;
        -:  714:
        -:  715:	//discard card from hand
    #####:  716:	discardCard(handPos, currentPlayer, state, 0);
call    0 never executed
        -:  717:
    #####:  718:	return 0;
        -:  719:}
        -:  720:
function Steward called 0 returned 0% blocks executed 0%
    #####:  721:int Steward(int card, int choice1, int choice2, int choice3, struct gameState *state, int handPos, int *bonus) {
    #####:  722:	int currentPlayer = whoseTurn(state);
call    0 never executed
        -:  723:	
    #####:  724:	if (choice1 == 1)
branch  0 never executed
branch  1 never executed
        -:  725:	{
        -:  726:		//+2 cards
    #####:  727:		drawCard(currentPlayer, state);
call    0 never executed
    #####:  728:		drawCard(currentPlayer, state);
call    0 never executed
        -:  729:	}
    #####:  730:	else if (choice1 == 2)
branch  0 never executed
branch  1 never executed
        -:  731:	{
        -:  732:		//+2 coins
    #####:  733:		state->coins = state->coins + 2;
        -:  734:	}
        -:  735:	else
        -:  736:	{
        -:  737:		//trash 2 cards in hand
    #####:  738:		discardCard(choice2, currentPlayer, state, 0);
call    0 never executed
    #####:  739:		discardCard(choice3, currentPlayer, state, 0);
call    0 never executed
        -:  740:	}
        -:  741:
        -:  742:	//discard card from hand
    #####:  743:	discardCard(handPos, currentPlayer, state, 0);
call    0 never executed
    #####:  744:	return 0;
        -:  745:}
        -:  746:
function cardEffect called 0 returned 0% blocks executed 0%
    #####:  747:int cardEffect(int card, int choice1, int choice2, int choice3, struct gameState *state, int handPos, int *bonus)
        -:  748:{
        -:  749:  int i;
        -:  750:  int j;
        -:  751:  int k;
        -:  752:  int x;
        -:  753:  int index;
    #####:  754:  int currentPlayer = whoseTurn(state);
call    0 never executed
    #####:  755:  int nextPlayer = currentPlayer + 1;
        -:  756:
    #####:  757:  int tributeRevealedCards[2] = {-1, -1};
        -:  758:  int temphand[MAX_HAND];// moved above the if statement
    #####:  759:  int drawntreasure=0;
        -:  760:  int cardDrawn;
    #####:  761:  int z = 0;// this is the counter for the temp hand
    #####:  762:  if (nextPlayer > (state->numPlayers - 1)){
branch  0 never executed
branch  1 never executed
    #####:  763:    nextPlayer = 0;
        -:  764:  }
        -:  765:  
        -:  766:	
        -:  767:  //uses switch to select card and perform actions
    #####:  768:  switch( card ) 
branch  0 never executed
branch  1 never executed
branch  2 never executed
branch  3 never executed
branch  4 never executed
branch  5 never executed
branch  6 never executed
branch  7 never executed
branch  8 never executed
branch  9 never executed
branch 10 never executed
branch 11 never executed
branch 12 never executed
branch 13 never executed
branch 14 never executed
branch 15 never executed
branch 16 never executed
branch 17 never executed
branch 18 never executed
branch 19 never executed
branch 20 never executed
        -:  769:    {
    #####:  770:    case adventurer:
    #####:  771:	  return Adventurer(card, choice1, choice2, choice3, state, handPos, bonus);
call    0 never executed
        -:  772:			
    #####:  773:    case council_room:
        -:  774:      //+4 Cards
    #####:  775:      for (i = 0; i < 4; i++)
branch  0 never executed
branch  1 never executed
        -:  776:	{
    #####:  777:	  drawCard(currentPlayer, state);
call    0 never executed
        -:  778:	}
        -:  779:			
        -:  780:      //+1 Buy
    #####:  781:      state->numBuys++;
        -:  782:			
        -:  783:      //Each other player draws a card
    #####:  784:      for (i = 0; i < state->numPlayers; i++)
branch  0 never executed
branch  1 never executed
        -:  785:	{
    #####:  786:	  if ( i != currentPlayer )
branch  0 never executed
branch  1 never executed
        -:  787:	    {
    #####:  788:	      drawCard(i, state);
call    0 never executed
        -:  789:	    }
        -:  790:	}
        -:  791:			
        -:  792:      //put played card in played card pile
    #####:  793:      discardCard(handPos, currentPlayer, state, 0);
call    0 never executed
        -:  794:			
    #####:  795:      return 0;
        -:  796:			
    #####:  797:    case feast:
        -:  798:      //gain card with cost up to 5
        -:  799:      //Backup hand
    #####:  800:      for (i = 0; i <= state->handCount[currentPlayer]; i++){
branch  0 never executed
branch  1 never executed
    #####:  801:	temphand[i] = state->hand[currentPlayer][i];//Backup card
    #####:  802:	state->hand[currentPlayer][i] = -1;//Set to nothing
        -:  803:      }
        -:  804:      //Backup hand
        -:  805:
        -:  806:      //Update Coins for Buy
    #####:  807:      updateCoins(currentPlayer, state, 5);
call    0 never executed
    #####:  808:      x = 1;//Condition to loop on
    #####:  809:      while( x == 1) {//Buy one card
branch  0 never executed
branch  1 never executed
    #####:  810:	if (supplyCount(choice1, state) <= 0){
call    0 never executed
branch  1 never executed
branch  2 never executed
        -:  811:	  if (DEBUG)
        -:  812:	    printf("None of that card left, sorry!\n");
        -:  813:
        -:  814:	  if (DEBUG){
        -:  815:	    printf("Cards Left: %d\n", supplyCount(choice1, state));
        -:  816:	  }
        -:  817:	}
    #####:  818:	else if (state->coins < getCost(choice1)){
call    0 never executed
branch  1 never executed
branch  2 never executed
    #####:  819:	  printf("That card is too expensive!\n");
call    0 never executed
        -:  820:
        -:  821:	  if (DEBUG){
        -:  822:	    printf("Coins: %d < %d\n", state->coins, getCost(choice1));
        -:  823:	  }
        -:  824:	}
        -:  825:	else{
        -:  826:
        -:  827:	  if (DEBUG){
        -:  828:	    printf("Deck Count: %d\n", state->handCount[currentPlayer] + state->deckCount[currentPlayer] + state->discardCount[currentPlayer]);
        -:  829:	  }
        -:  830:
    #####:  831:	  gainCard(choice1, state, 0, currentPlayer);//Gain the card
call    0 never executed
    #####:  832:	  x = 0;//No more buying cards
        -:  833:
        -:  834:	  if (DEBUG){
        -:  835:	    printf("Deck Count: %d\n", state->handCount[currentPlayer] + state->deckCount[currentPlayer] + state->discardCount[currentPlayer]);
        -:  836:	  }
        -:  837:
        -:  838:	}
        -:  839:      }     
        -:  840:
        -:  841:      //Reset Hand
    #####:  842:      for (i = 0; i <= state->handCount[currentPlayer]; i++){
branch  0 never executed
branch  1 never executed
    #####:  843:	state->hand[currentPlayer][i] = temphand[i];
    #####:  844:	temphand[i] = -1;
        -:  845:      }
        -:  846:      //Reset Hand
        -:  847:      			
    #####:  848:      return 0;
        -:  849:			
    #####:  850:    case gardens:
    #####:  851:      return -1;
        -:  852:			
    #####:  853:    case mine:
    #####:  854:      j = state->hand[currentPlayer][choice1];  //store card we will trash
        -:  855:
    #####:  856:      if (state->hand[currentPlayer][choice1] < copper || state->hand[currentPlayer][choice1] > gold)
branch  0 never executed
branch  1 never executed
branch  2 never executed
branch  3 never executed
        -:  857:	{
    #####:  858:	  return -1;
        -:  859:	}
        -:  860:		
    #####:  861:      if (choice2 > treasure_map || choice2 < curse)
branch  0 never executed
branch  1 never executed
branch  2 never executed
branch  3 never executed
        -:  862:	{
    #####:  863:	  return -1;
        -:  864:	}
        -:  865:
    #####:  866:      if ( (getCost(state->hand[currentPlayer][choice1]) + 3) > getCost(choice2) )
call    0 never executed
call    1 never executed
branch  2 never executed
branch  3 never executed
        -:  867:	{
    #####:  868:	  return -1;
        -:  869:	}
        -:  870:
    #####:  871:      gainCard(choice2, state, 2, currentPlayer);
call    0 never executed
        -:  872:
        -:  873:      //discard card from hand
    #####:  874:      discardCard(handPos, currentPlayer, state, 0);
call    0 never executed
        -:  875:
        -:  876:      //discard trashed card
    #####:  877:      for (i = 0; i < state->handCount[currentPlayer]; i++)
branch  0 never executed
branch  1 never executed
        -:  878:	{
    #####:  879:	  if (state->hand[currentPlayer][i] == j)
branch  0 never executed
branch  1 never executed
        -:  880:	    {
    #####:  881:	      discardCard(i, currentPlayer, state, 0);			
call    0 never executed
    #####:  882:	      break;
        -:  883:	    }
        -:  884:	}
        -:  885:			
    #####:  886:      return 0;
        -:  887:			
    #####:  888:    case remodel:
    #####:  889:      j = state->hand[currentPlayer][choice1];  //store card we will trash
        -:  890:
    #####:  891:      if ( (getCost(state->hand[currentPlayer][choice1]) + 2) > getCost(choice2) )
call    0 never executed
call    1 never executed
branch  2 never executed
branch  3 never executed
        -:  892:	{
    #####:  893:	  return -1;
        -:  894:	}
        -:  895:
    #####:  896:      gainCard(choice2, state, 0, currentPlayer);
call    0 never executed
        -:  897:
        -:  898:      //discard card from hand
    #####:  899:      discardCard(handPos, currentPlayer, state, 0);
call    0 never executed
        -:  900:
        -:  901:      //discard trashed card
    #####:  902:      for (i = 0; i < state->handCount[currentPlayer]; i++)
branch  0 never executed
branch  1 never executed
        -:  903:	{
    #####:  904:	  if (state->hand[currentPlayer][i] == j)
branch  0 never executed
branch  1 never executed
        -:  905:	    {
    #####:  906:	      discardCard(i, currentPlayer, state, 0);			
call    0 never executed
    #####:  907:	      break;
        -:  908:	    }
        -:  909:	}
        -:  910:
        -:  911:
    #####:  912:      return 0;
        -:  913:		
    #####:  914:    case smithy:
    #####:  915:		return Smithy(card, choice1, choice2, choice3, state, handPos, bonus);
call    0 never executed
        -:  916:		
    #####:  917:    case village:
    #####:  918:      return Village(card, choice1, choice2, choice3, state, handPos, bonus);
call    0 never executed
        -:  919:		
    #####:  920:    case baron:
    #####:  921:      state->numBuys++;//Increase buys by 1!
    #####:  922:      if (choice1 > 0){//Boolean true or going to discard an estate
branch  0 never executed
branch  1 never executed
    #####:  923:	int p = 0;//Iterator for hand!
    #####:  924:	int card_not_discarded = 1;//Flag for discard set!
    #####:  925:	while(card_not_discarded){
branch  0 never executed
branch  1 never executed
    #####:  926:	  if (state->hand[currentPlayer][p] == estate){//Found an estate card!
branch  0 never executed
branch  1 never executed
    #####:  927:	    state->coins += 4;//Add 4 coins to the amount of coins
    #####:  928:	    state->discard[currentPlayer][state->discardCount[currentPlayer]] = state->hand[currentPlayer][p];
    #####:  929:	    state->discardCount[currentPlayer]++;
    #####:  930:	    for (;p < state->handCount[currentPlayer]; p++){
branch  0 never executed
branch  1 never executed
    #####:  931:	      state->hand[currentPlayer][p] = state->hand[currentPlayer][p+1];
        -:  932:	    }
    #####:  933:	    state->hand[currentPlayer][state->handCount[currentPlayer]] = -1;
    #####:  934:	    state->handCount[currentPlayer]--;
    #####:  935:	    card_not_discarded = 0;//Exit the loop
        -:  936:	  }
    #####:  937:	  else if (p > state->handCount[currentPlayer]){
branch  0 never executed
branch  1 never executed
        -:  938:	    if(DEBUG) {
        -:  939:	      printf("No estate cards in your hand, invalid choice\n");
        -:  940:	      printf("Must gain an estate if there are any\n");
        -:  941:	    }
    #####:  942:	    if (supplyCount(estate, state) > 0){
call    0 never executed
branch  1 never executed
branch  2 never executed
    #####:  943:	      gainCard(estate, state, 0, currentPlayer);
call    0 never executed
    #####:  944:	      state->supplyCount[estate]--;//Decrement estates
    #####:  945:	      if (supplyCount(estate, state) == 0){
call    0 never executed
branch  1 never executed
branch  2 never executed
    #####:  946:		isGameOver(state);
call    0 never executed
        -:  947:	      }
        -:  948:	    }
    #####:  949:	    card_not_discarded = 0;//Exit the loop
        -:  950:	  }
        -:  951:			    
        -:  952:	  else{
    #####:  953:	    p++;//Next card
        -:  954:	  }
        -:  955:	}
        -:  956:      }
        -:  957:			    
        -:  958:      else{
    #####:  959:	if (supplyCount(estate, state) > 0){
call    0 never executed
branch  1 never executed
branch  2 never executed
    #####:  960:	  gainCard(estate, state, 0, currentPlayer);//Gain an estate
call    0 never executed
    #####:  961:	  state->supplyCount[estate]--;//Decrement Estates
    #####:  962:	  if (supplyCount(estate, state) == 0){
call    0 never executed
branch  1 never executed
branch  2 never executed
    #####:  963:	    isGameOver(state);
call    0 never executed
        -:  964:	  }
        -:  965:	}
        -:  966:      }
        -:  967:	    
        -:  968:      
    #####:  969:      return 0;
        -:  970:		
    #####:  971:    case great_hall:
    #####:  972:      return Great_hall(card, choice1, choice2, choice3, state, handPos, bonus);
call    0 never executed
        -:  973:		
    #####:  974:    case minion:
        -:  975:      //+1 action
    #####:  976:      state->numActions++;
        -:  977:			
        -:  978:      //discard card from hand
    #####:  979:      discardCard(handPos, currentPlayer, state, 0);
call    0 never executed
        -:  980:			
    #####:  981:      if (choice1)		//+2 coins
branch  0 never executed
branch  1 never executed
        -:  982:	{
    #####:  983:	  state->coins = state->coins + 2;
        -:  984:	}
        -:  985:			
    #####:  986:      else if (choice2)		//discard hand, redraw 4, other players with 5+ cards discard hand and draw 4
branch  0 never executed
branch  1 never executed
        -:  987:	{
        -:  988:	  //discard hand
    #####:  989:	  while(numHandCards(state) > 0)
call    0 never executed
branch  1 never executed
branch  2 never executed
        -:  990:	    {
    #####:  991:	      discardCard(handPos, currentPlayer, state, 0);
call    0 never executed
        -:  992:	    }
        -:  993:				
        -:  994:	  //draw 4
    #####:  995:	  for (i = 0; i < 4; i++)
branch  0 never executed
branch  1 never executed
        -:  996:	    {
    #####:  997:	      drawCard(currentPlayer, state);
call    0 never executed
        -:  998:	    }
        -:  999:				
        -: 1000:	  //other players discard hand and redraw if hand size > 4
    #####: 1001:	  for (i = 0; i < state->numPlayers; i++)
branch  0 never executed
branch  1 never executed
        -: 1002:	    {
    #####: 1003:	      if (i != currentPlayer)
branch  0 never executed
branch  1 never executed
        -: 1004:		{
    #####: 1005:		  if ( state->handCount[i] > 4 )
branch  0 never executed
branch  1 never executed
        -: 1006:		    {
        -: 1007:		      //discard hand
    #####: 1008:		      while( state->handCount[i] > 0 )
branch  0 never executed
branch  1 never executed
        -: 1009:			{
    #####: 1010:			  discardCard(handPos, i, state, 0);
call    0 never executed
        -: 1011:			}
        -: 1012:							
        -: 1013:		      //draw 4
    #####: 1014:		      for (j = 0; j < 4; j++)
branch  0 never executed
branch  1 never executed
        -: 1015:			{
    #####: 1016:			  drawCard(i, state);
call    0 never executed
        -: 1017:			}
        -: 1018:		    }
        -: 1019:		}
        -: 1020:	    }
        -: 1021:				
        -: 1022:	}
    #####: 1023:      return 0;
        -: 1024:		
    #####: 1025:    case steward:
    #####: 1026:		return Steward(card, choice1, choice2, choice3, state, handPos, bonus);
call    0 never executed
        -: 1027:		
    #####: 1028:    case tribute:
    #####: 1029:      if ((state->discardCount[nextPlayer] + state->deckCount[nextPlayer]) <= 1){
branch  0 never executed
branch  1 never executed
    #####: 1030:	if (state->deckCount[nextPlayer] > 0){
branch  0 never executed
branch  1 never executed
    #####: 1031:	  tributeRevealedCards[0] = state->deck[nextPlayer][state->deckCount[nextPlayer]-1];
    #####: 1032:	  state->deckCount[nextPlayer]--;
        -: 1033:	}
    #####: 1034:	else if (state->discardCount[nextPlayer] > 0){
branch  0 never executed
branch  1 never executed
    #####: 1035:	  tributeRevealedCards[0] = state->discard[nextPlayer][state->discardCount[nextPlayer]-1];
    #####: 1036:	  state->discardCount[nextPlayer]--;
        -: 1037:	}
        -: 1038:	else{
        -: 1039:	  //No Card to Reveal
        -: 1040:	  if (DEBUG){
        -: 1041:	    printf("No cards to reveal\n");
        -: 1042:	  }
        -: 1043:	}
        -: 1044:      }
        -: 1045:	    
        -: 1046:      else{
    #####: 1047:	if (state->deckCount[nextPlayer] == 0){
branch  0 never executed
branch  1 never executed
    #####: 1048:	  for (i = 0; i < state->discardCount[nextPlayer]; i++){
branch  0 never executed
branch  1 never executed
    #####: 1049:	    state->deck[nextPlayer][i] = state->discard[nextPlayer][i];//Move to deck
    #####: 1050:	    state->deckCount[nextPlayer]++;
    #####: 1051:	    state->discard[nextPlayer][i] = -1;
    #####: 1052:	    state->discardCount[nextPlayer]--;
        -: 1053:	  }
        -: 1054:			    
    #####: 1055:	  shuffle(nextPlayer,state);//Shuffle the deck
call    0 never executed
        -: 1056:	} 
    #####: 1057:	tributeRevealedCards[0] = state->deck[nextPlayer][state->deckCount[nextPlayer]-1];
    #####: 1058:	state->deck[nextPlayer][state->deckCount[nextPlayer]--] = -1;
    #####: 1059:	state->deckCount[nextPlayer]--;
    #####: 1060:	tributeRevealedCards[1] = state->deck[nextPlayer][state->deckCount[nextPlayer]-1];
    #####: 1061:	state->deck[nextPlayer][state->deckCount[nextPlayer]--] = -1;
    #####: 1062:	state->deckCount[nextPlayer]--;
        -: 1063:      }    
        -: 1064:		       
    #####: 1065:      if (tributeRevealedCards[0] == tributeRevealedCards[1]){//If we have a duplicate card, just drop one 
branch  0 never executed
branch  1 never executed
    #####: 1066:	state->playedCards[state->playedCardCount] = tributeRevealedCards[1];
    #####: 1067:	state->playedCardCount++;
    #####: 1068:	tributeRevealedCards[1] = -1;
        -: 1069:      }
        -: 1070:
    #####: 1071:      for (i = 0; i <= 2; i ++){
branch  0 never executed
branch  1 never executed
    #####: 1072:	if (tributeRevealedCards[i] == copper || tributeRevealedCards[i] == silver || tributeRevealedCards[i] == gold){//Treasure cards
branch  0 never executed
branch  1 never executed
branch  2 never executed
branch  3 never executed
branch  4 never executed
branch  5 never executed
    #####: 1073:	  state->coins += 2;
        -: 1074:	}
        -: 1075:		    
    #####: 1076:	else if (tributeRevealedCards[i] == estate || tributeRevealedCards[i] == duchy || tributeRevealedCards[i] == province || tributeRevealedCards[i] == gardens || tributeRevealedCards[i] == great_hall){//Victory Card Found
branch  0 never executed
branch  1 never executed
branch  2 never executed
branch  3 never executed
branch  4 never executed
branch  5 never executed
branch  6 never executed
branch  7 never executed
branch  8 never executed
branch  9 never executed
    #####: 1077:	  drawCard(currentPlayer, state);
call    0 never executed
    #####: 1078:	  drawCard(currentPlayer, state);
call    0 never executed
        -: 1079:	}
        -: 1080:	else{//Action Card
    #####: 1081:	  state->numActions = state->numActions + 2;
        -: 1082:	}
        -: 1083:      }
        -: 1084:	    
    #####: 1085:      return 0;
        -: 1086:		
    #####: 1087:    case ambassador:
    #####: 1088:      j = 0;		//used to check if player has enough cards to discard
        -: 1089:
    #####: 1090:      if (choice2 > 2 || choice2 < 0)
branch  0 never executed
branch  1 never executed
branch  2 never executed
branch  3 never executed
        -: 1091:	{
    #####: 1092:	  return -1;				
        -: 1093:	}
        -: 1094:
    #####: 1095:      if (choice1 == handPos)
branch  0 never executed
branch  1 never executed
        -: 1096:	{
    #####: 1097:	  return -1;
        -: 1098:	}
        -: 1099:
    #####: 1100:      for (i = 0; i < state->handCount[currentPlayer]; i++)
branch  0 never executed
branch  1 never executed
        -: 1101:	{
    #####: 1102:	  if (i != handPos && i == state->hand[currentPlayer][choice1] && i != choice1)
branch  0 never executed
branch  1 never executed
branch  2 never executed
branch  3 never executed
branch  4 never executed
branch  5 never executed
        -: 1103:	    {
    #####: 1104:	      j++;
        -: 1105:	    }
        -: 1106:	}
    #####: 1107:      if (j < choice2)
branch  0 never executed
branch  1 never executed
        -: 1108:	{
    #####: 1109:	  return -1;				
        -: 1110:	}
        -: 1111:
        -: 1112:      if (DEBUG) 
        -: 1113:	printf("Player %d reveals card number: %d\n", currentPlayer, state->hand[currentPlayer][choice1]);
        -: 1114:
        -: 1115:      //increase supply count for choosen card by amount being discarded
    #####: 1116:      state->supplyCount[state->hand[currentPlayer][choice1]] += choice2;
        -: 1117:			
        -: 1118:      //each other player gains a copy of revealed card
    #####: 1119:      for (i = 0; i < state->numPlayers; i++)
branch  0 never executed
branch  1 never executed
        -: 1120:	{
    #####: 1121:	  if (i != currentPlayer)
branch  0 never executed
branch  1 never executed
        -: 1122:	    {
    #####: 1123:	      gainCard(state->hand[currentPlayer][choice1], state, 0, i);
call    0 never executed
        -: 1124:	    }
        -: 1125:	}
        -: 1126:
        -: 1127:      //discard played card from hand
    #####: 1128:      discardCard(handPos, currentPlayer, state, 0);			
call    0 never executed
        -: 1129:
        -: 1130:      //trash copies of cards returned to supply
    #####: 1131:      for (j = 0; j < choice2; j++)
branch  0 never executed
branch  1 never executed
        -: 1132:	{
    #####: 1133:	  for (i = 0; i < state->handCount[currentPlayer]; i++)
branch  0 never executed
branch  1 never executed
        -: 1134:	    {
    #####: 1135:	      if (state->hand[currentPlayer][i] == state->hand[currentPlayer][choice1])
branch  0 never executed
branch  1 never executed
        -: 1136:		{
    #####: 1137:		  discardCard(i, currentPlayer, state, 1);
call    0 never executed
    #####: 1138:		  break;
        -: 1139:		}
        -: 1140:	    }
        -: 1141:	}			
        -: 1142:
    #####: 1143:      return 0;
        -: 1144:		
    #####: 1145:    case cutpurse:
        -: 1146:
    #####: 1147:      updateCoins(currentPlayer, state, 2);
call    0 never executed
    #####: 1148:      for (i = 0; i < state->numPlayers; i++)
branch  0 never executed
branch  1 never executed
        -: 1149:	{
    #####: 1150:	  if (i != currentPlayer)
branch  0 never executed
branch  1 never executed
        -: 1151:	    {
    #####: 1152:	      for (j = 0; j < state->handCount[i]; j++)
branch  0 never executed
branch  1 never executed
        -: 1153:		{
    #####: 1154:		  if (state->hand[i][j] == copper)
branch  0 never executed
branch  1 never executed
        -: 1155:		    {
    #####: 1156:		      discardCard(j, i, state, 0);
call    0 never executed
    #####: 1157:		      break;
        -: 1158:		    }
    #####: 1159:		  if (j == state->handCount[i])
branch  0 never executed
branch  1 never executed
        -: 1160:		    {
    #####: 1161:		      for (k = 0; k < state->handCount[i]; k++)
branch  0 never executed
branch  1 never executed
        -: 1162:			{
        -: 1163:			  if (DEBUG)
        -: 1164:			    printf("Player %d reveals card number %d\n", i, state->hand[i][k]);
        -: 1165:			}	
    #####: 1166:		      break;
        -: 1167:		    }		
        -: 1168:		}
        -: 1169:					
        -: 1170:	    }
        -: 1171:				
        -: 1172:	}				
        -: 1173:
        -: 1174:      //discard played card from hand
    #####: 1175:      discardCard(handPos, currentPlayer, state, 0);			
call    0 never executed
        -: 1176:
    #####: 1177:      return 0;
        -: 1178:
        -: 1179:		
    #####: 1180:    case embargo: 
        -: 1181:      //+2 Coins
    #####: 1182:      state->coins = state->coins + 2;
        -: 1183:			
        -: 1184:      //see if selected pile is in play
    #####: 1185:      if ( state->supplyCount[choice1] == -1 )
branch  0 never executed
branch  1 never executed
        -: 1186:	{
    #####: 1187:	  return -1;
        -: 1188:	}
        -: 1189:			
        -: 1190:      //add embargo token to selected supply pile
    #####: 1191:      state->embargoTokens[choice1]++;
        -: 1192:			
        -: 1193:      //trash card
    #####: 1194:      discardCard(handPos, currentPlayer, state, 1);		
call    0 never executed
    #####: 1195:      return 0;
        -: 1196:		
    #####: 1197:    case outpost:
        -: 1198:      //set outpost flag
    #####: 1199:      state->outpostPlayed++;
        -: 1200:			
        -: 1201:      //discard card
    #####: 1202:      discardCard(handPos, currentPlayer, state, 0);
call    0 never executed
    #####: 1203:      return 0;
        -: 1204:		
    #####: 1205:    case salvager:
        -: 1206:      //+1 buy
    #####: 1207:      state->numBuys++;
        -: 1208:			
    #####: 1209:      if (choice1)
branch  0 never executed
branch  1 never executed
        -: 1210:	{
        -: 1211:	  //gain coins equal to trashed card
    #####: 1212:	  state->coins = state->coins + getCost( handCard(choice1, state) );
call    0 never executed
call    1 never executed
        -: 1213:	  //trash card
    #####: 1214:	  discardCard(choice1, currentPlayer, state, 1);	
call    0 never executed
        -: 1215:	}
        -: 1216:			
        -: 1217:      //discard card
    #####: 1218:      discardCard(handPos, currentPlayer, state, 0);
call    0 never executed
    #####: 1219:      return 0;
        -: 1220:		
    #####: 1221:    case sea_hag:
    #####: 1222:      for (i = 0; i < state->numPlayers; i++){
branch  0 never executed
branch  1 never executed
    #####: 1223:	if (i != currentPlayer){
branch  0 never executed
branch  1 never executed
    #####: 1224:	  state->discard[i][state->discardCount[i]] = state->deck[i][state->deckCount[i]--];			    state->deckCount[i]--;
    #####: 1225:	  state->discardCount[i]++;
    #####: 1226:	  state->deck[i][state->deckCount[i]--] = curse;//Top card now a curse
        -: 1227:	}
        -: 1228:      }
    #####: 1229:      return 0;
        -: 1230:		
    #####: 1231:    case treasure_map:
        -: 1232:      //search hand for another treasure_map
    #####: 1233:      index = -1;
    #####: 1234:      for (i = 0; i < state->handCount[currentPlayer]; i++)
branch  0 never executed
branch  1 never executed
        -: 1235:	{
    #####: 1236:	  if (state->hand[currentPlayer][i] == treasure_map && i != handPos)
branch  0 never executed
branch  1 never executed
branch  2 never executed
branch  3 never executed
        -: 1237:	    {
    #####: 1238:	      index = i;
    #####: 1239:	      break;
        -: 1240:	    }
        -: 1241:	}
    #####: 1242:      if (index > -1)
branch  0 never executed
branch  1 never executed
        -: 1243:	{
        -: 1244:	  //trash both treasure cards
    #####: 1245:	  discardCard(handPos, currentPlayer, state, 1);
call    0 never executed
    #####: 1246:	  discardCard(index, currentPlayer, state, 1);
call    0 never executed
        -: 1247:
        -: 1248:	  //gain 4 Gold cards
    #####: 1249:	  for (i = 0; i < 4; i++)
branch  0 never executed
branch  1 never executed
        -: 1250:	    {
    #####: 1251:	      gainCard(gold, state, 1, currentPlayer);
call    0 never executed
        -: 1252:	    }
        -: 1253:				
        -: 1254:	  //return success
    #####: 1255:	  return 1;
        -: 1256:	}
        -: 1257:			
        -: 1258:      //no second treasure_map found in hand
    #####: 1259:      return -1;
        -: 1260:    }
        -: 1261:	
    #####: 1262:  return -1;
        -: 1263:}
        -: 1264:
function discardCard called 0 returned 0% blocks executed 0%
    #####: 1265:int discardCard(int handPos, int currentPlayer, struct gameState *state, int trashFlag)
        -: 1266:{
        -: 1267:	
        -: 1268:  //if card is not trashed, added to Played pile 
    #####: 1269:  if (trashFlag < 1)
branch  0 never executed
branch  1 never executed
        -: 1270:    {
        -: 1271:      //add card to played pile
    #####: 1272:      state->playedCards[state->playedCardCount] = state->hand[currentPlayer][handPos]; 
    #####: 1273:      state->playedCardCount++;
        -: 1274:    }
        -: 1275:	
        -: 1276:  //set played card to -1
    #####: 1277:  state->hand[currentPlayer][handPos] = -1;
        -: 1278:	
        -: 1279:  //remove card from player's hand
    #####: 1280:  if ( handPos == (state->handCount[currentPlayer] - 1) ) 	//last card in hand array is played
branch  0 never executed
branch  1 never executed
        -: 1281:    {
        -: 1282:      //reduce number of cards in hand
    #####: 1283:      state->handCount[currentPlayer]--;
        -: 1284:    }
    #####: 1285:  else if ( state->handCount[currentPlayer] == 1 ) //only one card in hand
branch  0 never executed
branch  1 never executed
        -: 1286:    {
        -: 1287:      //reduce number of cards in hand
    #####: 1288:      state->handCount[currentPlayer]--;
        -: 1289:    }
        -: 1290:  else 	
        -: 1291:    {
        -: 1292:      //replace discarded card with last card in hand
    #####: 1293:      state->hand[currentPlayer][handPos] = state->hand[currentPlayer][ (state->handCount[currentPlayer] - 1)];
        -: 1294:      //set last card to -1
    #####: 1295:      state->hand[currentPlayer][state->handCount[currentPlayer] - 1] = -1;
        -: 1296:      //reduce number of cards in hand
    #####: 1297:      state->handCount[currentPlayer]--;
        -: 1298:    }
        -: 1299:	
    #####: 1300:  return 0;
        -: 1301:}
        -: 1302:
function gainCard called 220 returned 100% blocks executed 70%
      220: 1303:int gainCard(int supplyPos, struct gameState *state, int toFlag, int player)
        -: 1304:{
        -: 1305:  //Note: supplyPos is enum of choosen card
        -: 1306:	
        -: 1307:  //check if supply pile is empty (0) or card is not used in game (-1)
      220: 1308:  if ( supplyCount(supplyPos, state) < 1 )
call    0 returned 220
branch  1 taken 0 (fallthrough)
branch  2 taken 220
        -: 1309:    {
    #####: 1310:      return -1;
        -: 1311:    }
        -: 1312:	
        -: 1313:  //added card for [whoseTurn] current player:
        -: 1314:  // toFlag = 0 : add to discard
        -: 1315:  // toFlag = 1 : add to deck
        -: 1316:  // toFlag = 2 : add to hand
        -: 1317:
      220: 1318:  if (toFlag == 1)
branch  0 taken 0 (fallthrough)
branch  1 taken 220
        -: 1319:    {
    #####: 1320:      state->deck[ player ][ state->deckCount[player] ] = supplyPos;
    #####: 1321:      state->deckCount[player]++;
        -: 1322:    }
      220: 1323:  else if (toFlag == 2)
branch  0 taken 220 (fallthrough)
branch  1 taken 0
        -: 1324:    {
      220: 1325:      state->hand[ player ][ state->handCount[player] ] = supplyPos;
      220: 1326:      state->handCount[player]++;
        -: 1327:    }
        -: 1328:  else
        -: 1329:    {
    #####: 1330:      state->discard[player][ state->discardCount[player] ] = supplyPos;
    #####: 1331:      state->discardCount[player]++;
        -: 1332:    }
        -: 1333:	
        -: 1334:  //decrease number in supply pile
      220: 1335:  state->supplyCount[supplyPos]--;
        -: 1336:	 
      220: 1337:  return 0;
        -: 1338:}
        -: 1339:
function updateCoins called 16292 returned 100% blocks executed 82%
    16292: 1340:int updateCoins(int player, struct gameState *state, int bonus)
        -: 1341:{
        -: 1342:  int i;
        -: 1343:	
        -: 1344:  //reset coin count
    16292: 1345:  state->coins = 0;
        -: 1346:
        -: 1347:  //add coins for each Treasure card in player's hand
    97752: 1348:  for (i = 0; i < state->handCount[player]; i++)
branch  0 taken 81460
branch  1 taken 16292 (fallthrough)
        -: 1349:    {
    81460: 1350:      if (state->hand[player][i] == copper)
branch  0 taken 65168 (fallthrough)
branch  1 taken 16292
        -: 1351:	{
    65168: 1352:	  state->coins += 1;
        -: 1353:	}
    16292: 1354:      else if (state->hand[player][i] == silver)
branch  0 taken 0 (fallthrough)
branch  1 taken 16292
        -: 1355:	{
    #####: 1356:	  state->coins += 2;
        -: 1357:	}
    16292: 1358:      else if (state->hand[player][i] == gold)
branch  0 taken 0 (fallthrough)
branch  1 taken 16292
        -: 1359:	{
    #####: 1360:	  state->coins += 3;
        -: 1361:	}	
        -: 1362:    }	
        -: 1363:
        -: 1364:  //add bonus
    16292: 1365:  state->coins += bonus;
        -: 1366:
    16292: 1367:  return 0;
        -: 1368:}
        -: 1369:
        -: 1370:
        -: 1371://end of dominion.c
        -: 1372:
