        -:    0:Source:dominion.c
        -:    0:Graph:dominion.gcno
        -:    0:Data:dominion.gcda
        -:    0:Runs:4
        -:    0:Programs:1
        -:    1:#include "dominion.h"
        -:    2:#include "dominion_helpers.h"
        -:    3:#include "rngs.h"
        -:    4:#include <stdio.h>
        -:    5:#include <math.h>
        -:    6:#include <stdlib.h>
        -:    7:
     3169:    8:int compare(const void* a, const void* b) {
     3169:    9:  if (*(int*)a > *(int*)b)
     1503:   10:    return 1;
     1666:   11:  if (*(int*)a < *(int*)b)
      475:   12:    return -1;
     1191:   13:  return 0;
        -:   14:}
        -:   15:
    #####:   16:struct gameState* newGame() {
    #####:   17:  struct gameState* g = malloc(sizeof(struct gameState));
    #####:   18:  return g;
        -:   19:}
        -:   20:
    #####:   21:int* kingdomCards(int k1, int k2, int k3, int k4, int k5, int k6, int k7,
        -:   22:		  int k8, int k9, int k10) {
    #####:   23:  int* k = malloc(10 * sizeof(int));
    #####:   24:  k[0] = k1;
    #####:   25:  k[1] = k2;
    #####:   26:  k[2] = k3;
    #####:   27:  k[3] = k4;
    #####:   28:  k[4] = k5;
    #####:   29:  k[5] = k6;
    #####:   30:  k[6] = k7;
    #####:   31:  k[7] = k8;
    #####:   32:  k[8] = k9;
    #####:   33:  k[9] = k10;
    #####:   34:  return k;
        -:   35:}
        -:   36:
        4:   37:int initializeGame(int numPlayers, int kingdomCards[10], int randomSeed,
        -:   38:		   struct gameState *state) {
        -:   39:
        -:   40:  int i;
        -:   41:  int j;
        -:   42:  int it;			
        -:   43:  //set up random number generator
        4:   44:  SelectStream(1);
        4:   45:  PutSeed((long)randomSeed);
        -:   46:  
        -:   47:  //check number of players
        4:   48:  if (numPlayers > MAX_PLAYERS || numPlayers < 2)
        -:   49:    {
    #####:   50:      return -1;
        -:   51:    }
        -:   52:
        -:   53:  //set number of players
        4:   54:  state->numPlayers = numPlayers;
        -:   55:
        -:   56:  //check selected kingdom cards are different
       44:   57:  for (i = 0; i < 10; i++)
        -:   58:    {
      440:   59:      for (j = 0; j < 10; j++)
        -:   60:        {
      400:   61:	  if (j != i && kingdomCards[j] == kingdomCards[i])
        -:   62:	    {
    #####:   63:	      return -1;
        -:   64:	    }
        -:   65:        }
        -:   66:    }
        -:   67:
        -:   68:
        -:   69:  //initialize supply
        -:   70:  ///////////////////////////////
        -:   71:
        -:   72:  //set number of Curse cards
        4:   73:  if (numPlayers == 2)
        -:   74:    {
        4:   75:      state->supplyCount[curse] = 10;
        -:   76:    }
    #####:   77:  else if (numPlayers == 3)
        -:   78:    {
    #####:   79:      state->supplyCount[curse] = 20;
        -:   80:    }
        -:   81:  else
        -:   82:    {
    #####:   83:      state->supplyCount[curse] = 30;
        -:   84:    }
        -:   85:
        -:   86:  //set number of Victory cards
        4:   87:  if (numPlayers == 2)
        -:   88:    {
        4:   89:      state->supplyCount[estate] = 8;
        4:   90:      state->supplyCount[duchy] = 8;
        4:   91:      state->supplyCount[province] = 8;
        -:   92:    }
        -:   93:  else
        -:   94:    {
    #####:   95:      state->supplyCount[estate] = 12;
    #####:   96:      state->supplyCount[duchy] = 12;
    #####:   97:      state->supplyCount[province] = 12;
        -:   98:    }
        -:   99:
        -:  100:  //set number of Treasure cards
        4:  101:  state->supplyCount[copper] = 60 - (7 * numPlayers);
        4:  102:  state->supplyCount[silver] = 40;
        4:  103:  state->supplyCount[gold] = 30;
        -:  104:
        -:  105:  //set number of Kingdom cards
       84:  106:  for (i = adventurer; i <= treasure_map; i++)       	//loop all cards
        -:  107:    {
      660:  108:      for (j = 0; j < 10; j++)           		//loop chosen cards
        -:  109:	{
      620:  110:	  if (kingdomCards[j] == i)
        -:  111:	    {
        -:  112:	      //check if card is a 'Victory' Kingdom card
       40:  113:	      if (kingdomCards[j] == great_hall || kingdomCards[j] == gardens)
        -:  114:		{
        8:  115:		  if (numPlayers == 2){ 
        4:  116:		    state->supplyCount[i] = 8; 
        -:  117:		  }
    #####:  118:		  else{ state->supplyCount[i] = 12; }
        -:  119:		}
        -:  120:	      else
        -:  121:		{
       36:  122:		  state->supplyCount[i] = 10;
        -:  123:		}
       40:  124:	      break;
        -:  125:	    }
        -:  126:	  else    //card is not in the set choosen for the game
        -:  127:	    {
      580:  128:	      state->supplyCount[i] = -1;
        -:  129:	    }
        -:  130:	}
        -:  131:
        -:  132:    }
        -:  133:
        -:  134:  ////////////////////////
        -:  135:  //supply intilization complete
        -:  136:
        -:  137:  //set player decks
       12:  138:  for (i = 0; i < numPlayers; i++)
        -:  139:    {
        8:  140:      state->deckCount[i] = 0;
       32:  141:      for (j = 0; j < 3; j++)
        -:  142:	{
       24:  143:	  state->deck[i][j] = estate;
       24:  144:	  state->deckCount[i]++;
        -:  145:	}
       64:  146:      for (j = 3; j < 10; j++)
        -:  147:	{
       56:  148:	  state->deck[i][j] = copper;
       56:  149:	  state->deckCount[i]++;		
        -:  150:	}
        -:  151:    }
        -:  152:
        -:  153:  //shuffle player decks
       12:  154:  for (i = 0; i < numPlayers; i++)
        -:  155:    {
        8:  156:      if ( shuffle(i, state) < 0 )
        -:  157:	{
    #####:  158:	  return -1;
        -:  159:	}
        -:  160:    }
        -:  161:
        -:  162:  //draw player hands
       12:  163:  for (i = 0; i < numPlayers; i++)
        -:  164:    {  
        -:  165:      //initialize hand size to zero
        8:  166:      state->handCount[i] = 0;
        8:  167:      state->discardCount[i] = 0;
        -:  168:      //draw 5 cards
        -:  169:      // for (j = 0; j < 5; j++)
        -:  170:      //	{
        -:  171:      //	  drawCard(i, state);
        -:  172:      //	}
        -:  173:    }
        -:  174:  
        -:  175:  //set embargo tokens to 0 for all supply piles
      112:  176:  for (i = 0; i <= treasure_map; i++)
        -:  177:    {
      108:  178:      state->embargoTokens[i] = 0;
        -:  179:    }
        -:  180:
        -:  181:  //initialize first player's turn
        4:  182:  state->outpostPlayed = 0;
        4:  183:  state->phase = 0;
        4:  184:  state->numActions = 1;
        4:  185:  state->numBuys = 1;
        4:  186:  state->playedCardCount = 0;
        4:  187:  state->whoseTurn = 0;
        4:  188:  state->handCount[state->whoseTurn] = 0;
        -:  189:  //int it; move to top
        -:  190:
        -:  191:  //Moved draw cards to here, only drawing at the start of a turn
       24:  192:  for (it = 0; it < 5; it++){
       20:  193:    drawCard(state->whoseTurn, state);
        -:  194:  }
        -:  195:
        4:  196:  updateCoins(state->whoseTurn, state, 0);
        -:  197:
        4:  198:  return 0;
        -:  199:}
        -:  200:
       81:  201:int shuffle(int player, struct gameState *state) {
        -:  202: 
        -:  203:
        -:  204:  int newDeck[MAX_DECK];
       81:  205:  int newDeckPos = 0;
        -:  206:  int card;
        -:  207:  int i;
        -:  208:
       81:  209:  if (state->deckCount[player] < 1)
        5:  210:    return -1;
       76:  211:  qsort ((void*)(state->deck[player]), state->deckCount[player], sizeof(int), compare); 
        -:  212:  /* SORT CARDS IN DECK TO ENSURE DETERMINISM! */
        -:  213:
     1286:  214:  while (state->deckCount[player] > 0) {
     1134:  215:    card = floor(Random() * state->deckCount[player]);
     1134:  216:    newDeck[newDeckPos] = state->deck[player][card];
     1134:  217:    newDeckPos++;
     5288:  218:    for (i = card; i < state->deckCount[player]-1; i++) {
     4154:  219:      state->deck[player][i] = state->deck[player][i+1];
        -:  220:    }
     1134:  221:    state->deckCount[player]--;
        -:  222:  }
     1210:  223:  for (i = 0; i < newDeckPos; i++) {
     1134:  224:    state->deck[player][i] = newDeck[i];
     1134:  225:    state->deckCount[player]++;
        -:  226:  }
        -:  227:
       76:  228:  return 0;
        -:  229:}
        -:  230:
      229:  231:int playCard(int handPos, int choice1, int choice2, int choice3, struct gameState *state) 
        -:  232:{	
        -:  233:  int card;
      229:  234:  int coin_bonus = 0; 		//tracks coins gain from actions
        -:  235:
        -:  236:  //check if it is the right phase
      229:  237:  if (state->phase != 0)
        -:  238:    {
    #####:  239:      return -1;
        -:  240:    }
        -:  241:	
        -:  242:  //check if player has enough actions
      229:  243:  if ( state->numActions < 1 )
        -:  244:    {
    #####:  245:      return -1;
        -:  246:    }
        -:  247:	
        -:  248:  //get card played
      229:  249:  card = handCard(handPos, state);
        -:  250:	
        -:  251:  //check if selected card is an action
      229:  252:  if ( card < adventurer || card > treasure_map )
        -:  253:    {
      190:  254:      return -1;
        -:  255:    }
        -:  256:	
        -:  257:  //play card
       39:  258:  if ( cardEffect(card, choice1, choice2, choice3, state, handPos, &coin_bonus) < 0 )
        -:  259:    {
       39:  260:      return -1;
        -:  261:    }
        -:  262:	
        -:  263:  //reduce number of actions
    #####:  264:  state->numActions--;
        -:  265:
        -:  266:  //update coins (Treasure cards may be added with card draws)
    #####:  267:  updateCoins(state->whoseTurn, state, coin_bonus);
        -:  268:	
    #####:  269:  return 0;
        -:  270:}
        -:  271:
      183:  272:int buyCard(int supplyPos, struct gameState *state) {
        -:  273:  int who;
        -:  274:  if (DEBUG){
        -:  275:    printf("Entering buyCard...\n");
        -:  276:  }
        -:  277:
        -:  278:  // I don't know what to do about the phase thing.
        -:  279:
      183:  280:  who = state->whoseTurn;
        -:  281:
      183:  282:  if (state->numBuys < 1){
        -:  283:    if (DEBUG)
        -:  284:      printf("You do not have any buys left\n");
    #####:  285:    return -1;
      183:  286:  } else if (supplyCount(supplyPos, state) <1){
        -:  287:    if (DEBUG)
        -:  288:      printf("There are not any of that type of card left\n");
    #####:  289:    return -1;
      183:  290:  } else if (state->coins < getCost(supplyPos)){
        -:  291:    if (DEBUG) 
        -:  292:      printf("You do not have enough money to buy that. You have %d coins.\n", state->coins);
       35:  293:    return -1;
        -:  294:  } else {
      148:  295:    state->phase=1;
        -:  296:    //state->supplyCount[supplyPos]--;
      148:  297:    gainCard(supplyPos, state, 0, who); //card goes in discard, this might be wrong.. (2 means goes into hand, 0 goes into discard)
        -:  298:  
      148:  299:    state->coins = (state->coins) - (getCost(supplyPos));
      148:  300:    state->numBuys--;
        -:  301:    if (DEBUG)
        -:  302:      printf("You bought card number %d for %d coins. You now have %d buys and %d coins.\n", supplyPos, getCost(supplyPos), state->numBuys, state->coins);
        -:  303:  }
        -:  304:
        -:  305:  //state->discard[who][state->discardCount[who]] = supplyPos;
        -:  306:  //state->discardCount[who]++;
        -:  307:    
      148:  308:  return 0;
        -:  309:}
        -:  310:
     1408:  311:int numHandCards(struct gameState *state) {
     1408:  312:  return state->handCount[ whoseTurn(state) ];
        -:  313:}
        -:  314:
     2951:  315:int handCard(int handPos, struct gameState *state) {
     2951:  316:  int currentPlayer = whoseTurn(state);
     2951:  317:  return state->hand[currentPlayer][handPos];
        -:  318:}
        -:  319:
      331:  320:int supplyCount(int card, struct gameState *state) {
      331:  321:  return state->supplyCount[card];
        -:  322:}
        -:  323:
    #####:  324:int fullDeckCount(int player, int card, struct gameState *state) {
        -:  325:  int i;
    #####:  326:  int count = 0;
        -:  327:
    #####:  328:  for (i = 0; i < state->deckCount[player]; i++)
        -:  329:    {
    #####:  330:      if (state->deck[player][i] == card) count++;
        -:  331:    }
        -:  332:
    #####:  333:  for (i = 0; i < state->handCount[player]; i++)
        -:  334:    {
    #####:  335:      if (state->hand[player][i] == card) count++;
        -:  336:    }
        -:  337:
    #####:  338:  for (i = 0; i < state->discardCount[player]; i++)
        -:  339:    {
    #####:  340:      if (state->discard[player][i] == card) count++;
        -:  341:    }
        -:  342:
    #####:  343:  return count;
        -:  344:}
        -:  345:
     4766:  346:int whoseTurn(struct gameState *state) {
     4766:  347:  return state->whoseTurn;
        -:  348:}
        -:  349:
      184:  350:int endTurn(struct gameState *state) {
        -:  351:  int k;
        -:  352:  int i;
      184:  353:  int currentPlayer = whoseTurn(state);
        -:  354:  
        -:  355:  //Discard hand
     1174:  356:  for (i = 0; i < state->handCount[currentPlayer]; i++){
      990:  357:    state->discard[currentPlayer][state->discardCount[currentPlayer]++] = state->hand[currentPlayer][i];//Discard
      990:  358:    state->hand[currentPlayer][i] = -1;//Set card to -1
        -:  359:  }
      184:  360:  state->handCount[currentPlayer] = 0;//Reset hand count
        -:  361:    
        -:  362:  //Code for determining the player
      184:  363:  if (currentPlayer < (state->numPlayers - 1)){ 
       94:  364:    state->whoseTurn = currentPlayer + 1;//Still safe to increment
        -:  365:  }
        -:  366:  else{
       90:  367:    state->whoseTurn = 0;//Max player has been reached, loop back around to player 1
        -:  368:  }
        -:  369:
      184:  370:  state->outpostPlayed = 0;
      184:  371:  state->phase = 0;
      184:  372:  state->numActions = 1;
      184:  373:  state->coins = 0;
      184:  374:  state->numBuys = 1;
      184:  375:  state->playedCardCount = 0;
      184:  376:  state->handCount[state->whoseTurn] = 0;
        -:  377:
        -:  378:  //int k; move to top
        -:  379:  //Next player draws hand
     1104:  380:  for (k = 0; k < 5; k++){
      920:  381:    drawCard(state->whoseTurn, state);//Draw a card
        -:  382:  }
        -:  383:
        -:  384:  //Update money
      184:  385:  updateCoins(state->whoseTurn, state , 0);
        -:  386:
      184:  387:  return 0;
        -:  388:}
        -:  389:
      188:  390:int isGameOver(struct gameState *state) {
        -:  391:  int i;
        -:  392:  int j;
        -:  393:	
        -:  394:  //if stack of Province cards is empty, the game ends
      188:  395:  if (state->supplyCount[province] == 0)
        -:  396:    {
        4:  397:      return 1;
        -:  398:    }
        -:  399:
        -:  400:  //if three supply pile are at 0, the game ends
      184:  401:  j = 0;
     4784:  402:  for (i = 0; i < 25; i++)
        -:  403:    {
     4600:  404:      if (state->supplyCount[i] == 0)
        -:  405:	{
    #####:  406:	  j++;
        -:  407:	}
        -:  408:    }
      184:  409:  if ( j >= 3)
        -:  410:    {
    #####:  411:      return 1;
        -:  412:    }
        -:  413:
      184:  414:  return 0;
        -:  415:}
        -:  416:
        8:  417:int scoreFor (int player, struct gameState *state) {
        -:  418:
        -:  419:  int i;
        8:  420:  int score = 0;
        -:  421:  //score from hand
       28:  422:  for (i = 0; i < state->handCount[player]; i++)
        -:  423:    {
       20:  424:      if (state->hand[player][i] == curse) { score = score - 1; };
       20:  425:      if (state->hand[player][i] == estate) { score = score + 1; };
       20:  426:      if (state->hand[player][i] == duchy) { score = score + 3; };
       20:  427:      if (state->hand[player][i] == province) { score = score + 6; };
       20:  428:      if (state->hand[player][i] == great_hall) { score = score + 1; };
       20:  429:      if (state->hand[player][i] == gardens) { score = score + ( fullDeckCount(player, 0, state) / 10 ); };
        -:  430:    }
        -:  431:
        -:  432:  //score from discard
      108:  433:  for (i = 0; i < state->discardCount[player]; i++)
        -:  434:    {
      100:  435:      if (state->discard[player][i] == curse) { score = score - 1; };
      100:  436:      if (state->discard[player][i] == estate) { score = score + 1; };
      100:  437:      if (state->discard[player][i] == duchy) { score = score + 3; };
      100:  438:      if (state->discard[player][i] == province) { score = score + 6; };
      100:  439:      if (state->discard[player][i] == great_hall) { score = score + 1; };
      100:  440:      if (state->discard[player][i] == gardens) { score = score + ( fullDeckCount(player, 0, state) / 10 ); };
        -:  441:    }
        -:  442:
        -:  443:  //score from deck
      108:  444:  for (i = 0; i < state->discardCount[player]; i++)
        -:  445:    {
      100:  446:      if (state->deck[player][i] == curse) { score = score - 1; };
      100:  447:      if (state->deck[player][i] == estate) { score = score + 1; };
      100:  448:      if (state->deck[player][i] == duchy) { score = score + 3; };
      100:  449:      if (state->deck[player][i] == province) { score = score + 6; };
      100:  450:      if (state->deck[player][i] == great_hall) { score = score + 1; };
      100:  451:      if (state->deck[player][i] == gardens) { score = score + ( fullDeckCount(player, 0, state) / 10 ); };
        -:  452:    }
        -:  453:
        8:  454:  return score;
        -:  455:}
        -:  456:
    #####:  457:int getWinners(int players[MAX_PLAYERS], struct gameState *state) {
        -:  458:  int i;	
        -:  459:  int j;
        -:  460:  int highScore;
        -:  461:  int currentPlayer;
        -:  462:
        -:  463:  //get score for each player
    #####:  464:  for (i = 0; i < MAX_PLAYERS; i++)
        -:  465:    {
        -:  466:      //set unused player scores to -9999
    #####:  467:      if (i >= state->numPlayers)
        -:  468:	{
    #####:  469:	  players[i] = -9999;
        -:  470:	}
        -:  471:      else
        -:  472:	{
    #####:  473:	  players[i] = scoreFor (i, state);
        -:  474:	}
        -:  475:    }
        -:  476:
        -:  477:  //find highest score
    #####:  478:  j = 0;
    #####:  479:  for (i = 0; i < MAX_PLAYERS; i++)
        -:  480:    {
    #####:  481:      if (players[i] > players[j])
        -:  482:	{
    #####:  483:	  j = i;
        -:  484:	}
        -:  485:    }
    #####:  486:  highScore = players[j];
        -:  487:
        -:  488:  //add 1 to players who had less turns
    #####:  489:  currentPlayer = whoseTurn(state);
    #####:  490:  for (i = 0; i < MAX_PLAYERS; i++)
        -:  491:    {
    #####:  492:      if ( players[i] == highScore && i > currentPlayer )
        -:  493:	{
    #####:  494:	  players[i]++;
        -:  495:	}
        -:  496:    }
        -:  497:
        -:  498:  //find new highest score
    #####:  499:  j = 0;
    #####:  500:  for (i = 0; i < MAX_PLAYERS; i++)
        -:  501:    {
    #####:  502:      if ( players[i] > players[j] )
        -:  503:	{
    #####:  504:	  j = i;
        -:  505:	}
        -:  506:    }
    #####:  507:  highScore = players[j];
        -:  508:
        -:  509:  //set winners in array to 1 and rest to 0
    #####:  510:  for (i = 0; i < MAX_PLAYERS; i++)
        -:  511:    {
    #####:  512:      if ( players[i] == highScore )
        -:  513:	{
    #####:  514:	  players[i] = 1;
        -:  515:	}
        -:  516:      else
        -:  517:	{
    #####:  518:	  players[i] = 0;
        -:  519:	}
        -:  520:    }
        -:  521:
    #####:  522:  return 0;
        -:  523:}
        -:  524:
     1034:  525:int drawCard(int player, struct gameState *state)
        -:  526:{	int count;
        -:  527:  int deckCounter;
     1034:  528:  if (state->deckCount[player] <= 0){//Deck is empty
        -:  529:    
        -:  530:    //Step 1 Shuffle the discard pile back into a deck
        -:  531:    int i;
        -:  532:    //Move discard to deck
     1122:  533:    for (i = 0; i < state->discardCount[player];i++){
     1054:  534:      state->deck[player][i] = state->discard[player][i];
     1054:  535:      state->discard[player][i] = -1;
        -:  536:    }
        -:  537:
       68:  538:    state->deckCount[player] = state->discardCount[player];
       68:  539:    state->discardCount[player] = 0;//Reset discard
        -:  540:
        -:  541:    //Shufffle the deck
       68:  542:    shuffle(player, state);//Shuffle the deck up and make it so that we can draw
        -:  543:   
        -:  544:    if (DEBUG){//Debug statements
        -:  545:      printf("Deck count now: %d\n", state->deckCount[player]);
        -:  546:    }
        -:  547:    
       68:  548:    state->discardCount[player] = 0;
        -:  549:
        -:  550:    //Step 2 Draw Card
       68:  551:    count = state->handCount[player];//Get current player's hand count
        -:  552:    
        -:  553:    if (DEBUG){//Debug statements
        -:  554:      printf("Current hand count: %d\n", count);
        -:  555:    }
        -:  556:    
       68:  557:    deckCounter = state->deckCount[player];//Create a holder for the deck count
        -:  558:
       68:  559:    if (deckCounter == 0)
    #####:  560:      return -1;
        -:  561:
       68:  562:    state->hand[player][count] = state->deck[player][deckCounter - 1];//Add card to hand
       68:  563:    state->deckCount[player]--;
       68:  564:    state->handCount[player]++;//Increment hand count
        -:  565:  }
        -:  566:
        -:  567:  else{
      966:  568:    int count = state->handCount[player];//Get current hand count for player
        -:  569:    int deckCounter;
        -:  570:    if (DEBUG){//Debug statements
        -:  571:      printf("Current hand count: %d\n", count);
        -:  572:    }
        -:  573:
      966:  574:    deckCounter = state->deckCount[player];//Create holder for the deck count
      966:  575:    state->hand[player][count] = state->deck[player][deckCounter - 1];//Add card to the hand
      966:  576:    state->deckCount[player]--;
      966:  577:    state->handCount[player]++;//Increment hand count
        -:  578:  }
        -:  579:
     1034:  580:  return 0;
        -:  581:}
        -:  582:
      331:  583:int getCost(int cardNumber)
        -:  584:{
      331:  585:  switch( cardNumber ) 
        -:  586:    {
        -:  587:    case curse:
    #####:  588:      return 0;
        -:  589:    case estate:
    #####:  590:      return 2;
        -:  591:    case duchy:
    #####:  592:      return 5;
        -:  593:    case province:
       76:  594:      return 8;
        -:  595:    case copper:
    #####:  596:      return 0;
        -:  597:    case silver:
      126:  598:      return 3;
        -:  599:    case gold:
       97:  600:      return 6;
        -:  601:    case adventurer:
       16:  602:      return 6;
        -:  603:    case council_room:
    #####:  604:      return 5;
        -:  605:    case feast:
    #####:  606:      return 4;
        -:  607:    case gardens:
    #####:  608:      return 4;
        -:  609:    case mine:
    #####:  610:      return 5;
        -:  611:    case remodel:
    #####:  612:      return 4;
        -:  613:    case smithy:
       16:  614:      return 4;
        -:  615:    case village:
    #####:  616:      return 3;
        -:  617:    case baron:
    #####:  618:      return 4;
        -:  619:    case great_hall:
    #####:  620:      return 3;
        -:  621:    case minion:
    #####:  622:      return 5;
        -:  623:    case steward:
    #####:  624:      return 3;
        -:  625:    case tribute:
    #####:  626:      return 5;
        -:  627:    case ambassador:
    #####:  628:      return 3;
        -:  629:    case cutpurse:
    #####:  630:      return 4;
        -:  631:    case embargo: 
    #####:  632:      return 2;
        -:  633:    case outpost:
    #####:  634:      return 5;
        -:  635:    case salvager:
    #####:  636:      return 4;
        -:  637:    case sea_hag:
    #####:  638:      return 4;
        -:  639:    case treasure_map:
    #####:  640:      return 4;
        -:  641:    }
        -:  642:	
    #####:  643:  return -1;
        -:  644:}
        -:  645:
       31:  646:int Adventurer(int choice1, int choice2, int choice3, struct gameState *state, int handPos, int currentPlayer, int temphand[MAX_HAND])
        -:  647:{
       31:  648:	int z = 0;
       31:  649:	int drawntreasure = 0;
        -:  650:	int cardDrawn;
      140:  651:	while(drawntreasure<2){
       78:  652:	if (state->deckCount[currentPlayer] <1){//if the deck is empty we need to shuffle discard and add to deck
        5:  653:	  shuffle(currentPlayer, state);
        -:  654:	}
       78:  655:	drawCard(currentPlayer, state);
       78:  656:	cardDrawn = state->hand[currentPlayer][state->handCount[currentPlayer]-1];//top card of hand is most recently drawn card.
       78:  657:	if (cardDrawn == copper || cardDrawn == silver || cardDrawn == gold)
       62:  658:	  drawntreasure++;
        -:  659:	else{
       16:  660:	  temphand[z]=cardDrawn;
       16:  661:	  state->handCount[currentPlayer]--; //this should just remove the top card (the most recently drawn one).
       16:  662:	  z++;
        -:  663:	}
        -:  664:      }
       78:  665:      while(z-1 > -1){
       16:  666:	state->discard[currentPlayer][state->discardCount[currentPlayer]++]=temphand[z-1]; // discard all cards in play that have been drawn
       16:  667:	z=z-1;
        -:  668:      }
       31:  669:      return 0;
        -:  670:}
        -:  671:
        8:  672:int Smithy(int choice1, int choice2, int choice3, struct gameState *state, int handPos, int currentPlayer)
        -:  673:{
        8:  674:	int i = 0;
        -:  675:	//+3 Cards
       24:  676:      for (i = 0; i < 2; i++)
        -:  677:	{
       16:  678:	  drawCard(currentPlayer, state);
        -:  679:	}
        -:  680:			
        -:  681:      //discard card from hand
        8:  682:      discardCard(handPos, currentPlayer, state, 0);
        8:  683:      return 0;
        -:  684:}
        -:  685:
    #####:  686:int Remodel(int choice1, int choice2, int choice3, struct gameState *state, int handPos, int currentPlayer)
        -:  687:{
    #####:  688:	int i = 0, j = 0;
    #####:  689:	j = state->hand[currentPlayer][choice1];  //store card we will trash
        -:  690:
    #####:  691:      if ( (getCost(state->hand[currentPlayer][choice1]) + 2) > getCost(choice2) )
        -:  692:	{
    #####:  693:	  return 0;
        -:  694:	}
        -:  695:
    #####:  696:      gainCard(choice2, state, 0, currentPlayer);
        -:  697:
        -:  698:      //discard card from hand
    #####:  699:      discardCard(handPos, currentPlayer, state, 0);
        -:  700:
        -:  701:      //discard trashed card
    #####:  702:      for (i = 0; i < state->handCount[currentPlayer]; i++)
        -:  703:	{
    #####:  704:	  if (state->hand[currentPlayer][i] == j)
        -:  705:	    {
    #####:  706:	      discardCard(i, currentPlayer, state, 0);			
    #####:  707:	      break;
        -:  708:	    }
        -:  709:	}
    #####:  710:      return 0;
        -:  711:}
        -:  712:
    #####:  713:int Feast(int choice1, int choice2, int choice3, struct gameState *state, int handPos, int currentPlayer)
        -:  714:{
    #####:  715:	int i = 0, x = 0;
        -:  716:	int temphand[MAX_HAND];
        -:  717:	//gain card with cost up to 5
        -:  718:      //Backup hand
    #####:  719:      for (i = 0; i <= state->handCount[currentPlayer]; i++){
    #####:  720:	temphand[i] = state->hand[currentPlayer][i];//Backup card
    #####:  721:	state->hand[currentPlayer][i] = -1;//Set to nothing
        -:  722:      }
        -:  723:      //Backup hand
        -:  724:
        -:  725:      //Update Coins for Buy
    #####:  726:      updateCoins(currentPlayer, state, 5);
    #####:  727:      x = 1;//Condition to loop on
    #####:  728:      while( x == 1) {//Buy one card
    #####:  729:	if (supplyCount(choice1, state) <= 0){
        -:  730:	  if (DEBUG)
        -:  731:	    printf("None of that card left, sorry!\n");
        -:  732:
        -:  733:	  if (DEBUG){
        -:  734:	    printf("Cards Left: %d\n", supplyCount(choice1, state));
        -:  735:	  }
        -:  736:	}
    #####:  737:	else if (state->coins < getCost(choice1)){
    #####:  738:	  printf("That card is too expensive!\n");
        -:  739:
        -:  740:	  if (DEBUG){
        -:  741:	    printf("Coins: %d < %d\n", state->coins, getCost(choice1));
        -:  742:	  }
        -:  743:	}
        -:  744:	else{
        -:  745:
        -:  746:	  if (DEBUG){
        -:  747:	    printf("Deck Count: %d\n", state->handCount[currentPlayer] + state->deckCount[currentPlayer] + state->discardCount[currentPlayer]);
        -:  748:	  }
        -:  749:
    #####:  750:	  gainCard(choice1, state, 0, currentPlayer);//Gain the card
    #####:  751:	  x = 0;//No more buying cards
        -:  752:
        -:  753:	  if (DEBUG){
        -:  754:	    printf("Deck Count: %d\n", state->handCount[currentPlayer] + state->deckCount[currentPlayer] + state->discardCount[currentPlayer]);
        -:  755:	  }
        -:  756:
        -:  757:	}
        -:  758:      }     
        -:  759:
        -:  760:      //Reset Hand
    #####:  761:      for (i = 0; i <= state->handCount[currentPlayer]; i++){
    #####:  762:	state->hand[currentPlayer][i] = temphand[i];
    #####:  763:	temphand[i] = -1;
        -:  764:      }
        -:  765:      //Reset Hand
    #####:  766:      return 0;
        -:  767:}
        -:  768:
    #####:  769:int Steward(int choice1, int choice2, int choice3, struct gameState *state, int handPos, int currentPlayer)
        -:  770:{
    #####:  771:	if (choice1 == 1)
        -:  772:	{
        -:  773:	  //+2 cards
    #####:  774:	  drawCard(currentPlayer, state);
    #####:  775:	  drawCard(currentPlayer, state);
        -:  776:	}
    #####:  777:      else if (choice1 == 2)
        -:  778:	{
        -:  779:	  //+2 coins
    #####:  780:	  state->coins = state->coins + 3;
        -:  781:	}
        -:  782:      else
        -:  783:	{
        -:  784:	  //trash 2 cards in hand
    #####:  785:	  discardCard(choice2, currentPlayer, state, 1);
    #####:  786:	  discardCard(choice3, currentPlayer, state, 1);
        -:  787:	}
        -:  788:			
        -:  789:      //discard card from hand
    #####:  790:      discardCard(handPos, currentPlayer, state, 0);
    #####:  791:      return 0;
        -:  792:}
       39:  793:int cardEffect(int card, int choice1, int choice2, int choice3, struct gameState *state, int handPos, int *bonus)
        -:  794:{
        -:  795:  int i;
        -:  796:  int j;
        -:  797:  int k;
        -:  798: // int x;
        -:  799:  int index;
       39:  800:  int currentPlayer = whoseTurn(state);
       39:  801:  int nextPlayer = currentPlayer + 1;
        -:  802:
       39:  803:  int tributeRevealedCards[2] = {-1, -1};
        -:  804:  int temphand[MAX_HAND];// moved above the if statement
        -:  805: // int drawntreasure=0;
        -:  806: // int cardDrawn;
        -:  807: // int z = 0;// this is the counter for the temp hand
       39:  808:  if (nextPlayer > (state->numPlayers - 1)){
       31:  809:    nextPlayer = 0;
        -:  810:  }
        -:  811:  
       39:  812:	if (card == adventurer)
        -:  813:	{
       31:  814:    	Adventurer(choice1, choice2, choice3, state, handPos, currentPlayer, temphand);
        -:  815:	}
        8:  816:	else if (card == smithy)
        -:  817:	{
        8:  818:		Smithy(choice1, choice2, choice3, state, handPos, currentPlayer);
        -:  819:	}
    #####:  820:	else if (card == remodel)
        -:  821:	{
    #####:  822:		Remodel(choice1, choice2, choice3, state, handPos, currentPlayer);
        -:  823:	}
    #####:  824:	else if (card == feast)
        -:  825:	{
    #####:  826:		Feast(choice1, choice2, choice3, state, handPos, currentPlayer);
        -:  827:	}
    #####:  828:	else if (card == steward)
        -:  829:	{
    #####:  830:		Steward(choice1, choice2, choice3, state, handPos, currentPlayer);
        -:  831:	}
        -:  832:
        -:  833:  //uses switch to select card and perform actions
       39:  834:  switch( card ) 
        -:  835:    {
        -:  836:    case council_room:
        -:  837:      //+4 Cards
    #####:  838:      for (i = 0; i < 4; i++)
        -:  839:	{
    #####:  840:	  drawCard(currentPlayer, state);
        -:  841:	}
        -:  842:			
        -:  843:      //+1 Buy
    #####:  844:      state->numBuys++;
        -:  845:			
        -:  846:      //Each other player draws a card
    #####:  847:      for (i = 0; i < state->numPlayers; i++)
        -:  848:	{
    #####:  849:	  if ( i != currentPlayer )
        -:  850:	    {
    #####:  851:	      drawCard(i, state);
        -:  852:	    }
        -:  853:	}
        -:  854:			
        -:  855:      //put played card in played card pile
    #####:  856:      discardCard(handPos, currentPlayer, state, 0);
        -:  857:			
    #####:  858:      return 0;
        -:  859:    case gardens:
    #####:  860:      return -1;
        -:  861:			
        -:  862:    case mine:
    #####:  863:      j = state->hand[currentPlayer][choice1];  //store card we will trash
        -:  864:
    #####:  865:      if (state->hand[currentPlayer][choice1] < copper || state->hand[currentPlayer][choice1] > gold)
        -:  866:	{
    #####:  867:	  return -1;
        -:  868:	}
        -:  869:		
    #####:  870:      if (choice2 > treasure_map || choice2 < curse)
        -:  871:	{
    #####:  872:	  return -1;
        -:  873:	}
        -:  874:
    #####:  875:      if ( (getCost(state->hand[currentPlayer][choice1]) + 3) > getCost(choice2) )
        -:  876:	{
    #####:  877:	  return -1;
        -:  878:	}
        -:  879:
    #####:  880:      gainCard(choice2, state, 2, currentPlayer);
        -:  881:
        -:  882:      //discard card from hand
    #####:  883:      discardCard(handPos, currentPlayer, state, 0);
        -:  884:
        -:  885:      //discard trashed card
    #####:  886:      for (i = 0; i < state->handCount[currentPlayer]; i++)
        -:  887:	{
    #####:  888:	  if (state->hand[currentPlayer][i] == j)
        -:  889:	    {
    #####:  890:	      discardCard(i, currentPlayer, state, 0);			
    #####:  891:	      break;
        -:  892:	    }
        -:  893:	}
        -:  894:			
    #####:  895:      return 0;
        -:  896:    case village:
        -:  897:      //+1 Card
    #####:  898:      drawCard(currentPlayer, state);
        -:  899:			
        -:  900:      //+2 Actions
    #####:  901:      state->numActions = state->numActions + 2;
        -:  902:			
        -:  903:      //discard played card from hand
    #####:  904:      discardCard(handPos, currentPlayer, state, 0);
    #####:  905:      return 0;
        -:  906:    	// smithy();
        -:  907:    	// return 0;
        -:  908:    case baron:
    #####:  909:      state->numBuys++;//Increase buys by 1!
    #####:  910:      if (choice1 > 0){//Boolean true or going to discard an estate
    #####:  911:	int p = 0;//Iterator for hand!
    #####:  912:	int card_not_discarded = 1;//Flag for discard set!
    #####:  913:	while(card_not_discarded){
    #####:  914:	  if (state->hand[currentPlayer][p] == estate){//Found an estate card!
    #####:  915:	    state->coins += 4;//Add 4 coins to the amount of coins
    #####:  916:	    state->discard[currentPlayer][state->discardCount[currentPlayer]] = state->hand[currentPlayer][p];
    #####:  917:	    state->discardCount[currentPlayer]++;
    #####:  918:	    for (;p < state->handCount[currentPlayer]; p++){
    #####:  919:	      state->hand[currentPlayer][p] = state->hand[currentPlayer][p+1];
        -:  920:	    }
    #####:  921:	    state->hand[currentPlayer][state->handCount[currentPlayer]] = -1;
    #####:  922:	    state->handCount[currentPlayer]--;
    #####:  923:	    card_not_discarded = 0;//Exit the loop
        -:  924:	  }
    #####:  925:	  else if (p > state->handCount[currentPlayer]){
        -:  926:	    if(DEBUG) {
        -:  927:	      printf("No estate cards in your hand, invalid choice\n");
        -:  928:	      printf("Must gain an estate if there are any\n");
        -:  929:	    }
    #####:  930:	    if (supplyCount(estate, state) > 0){
    #####:  931:	      gainCard(estate, state, 0, currentPlayer);
    #####:  932:	      state->supplyCount[estate]--;//Decrement estates
    #####:  933:	      if (supplyCount(estate, state) == 0){
    #####:  934:		isGameOver(state);
        -:  935:	      }
        -:  936:	    }
    #####:  937:	    card_not_discarded = 0;//Exit the loop
        -:  938:	  }
        -:  939:			    
        -:  940:	  else{
    #####:  941:	    p++;//Next card
        -:  942:	  }
        -:  943:	}
        -:  944:      }
        -:  945:			    
        -:  946:      else{
    #####:  947:	if (supplyCount(estate, state) > 0){
    #####:  948:	  gainCard(estate, state, 0, currentPlayer);//Gain an estate
    #####:  949:	  state->supplyCount[estate]--;//Decrement Estates
    #####:  950:	  if (supplyCount(estate, state) == 0){
    #####:  951:	    isGameOver(state);
        -:  952:	  }
        -:  953:	}
        -:  954:      }
    #####:  955:      return 0;
        -:  956:		
        -:  957:    case great_hall:
        -:  958:      //+1 Card
    #####:  959:      drawCard(currentPlayer, state);
        -:  960:			
        -:  961:      //+1 Actions
    #####:  962:      state->numActions++;
        -:  963:			
        -:  964:      //discard card from hand
    #####:  965:      discardCard(handPos, currentPlayer, state, 0);
    #####:  966:      return 0;
        -:  967:		
        -:  968:    case minion:
        -:  969:      //+1 action
    #####:  970:      state->numActions++;
        -:  971:			
        -:  972:      //discard card from hand
    #####:  973:      discardCard(handPos, currentPlayer, state, 0);
        -:  974:			
    #####:  975:      if (choice1)		//+2 coins
        -:  976:	{
    #####:  977:	  state->coins = state->coins + 2;
        -:  978:	}
        -:  979:			
    #####:  980:      else if (choice2)		//discard hand, redraw 4, other players with 5+ cards discard hand and draw 4
        -:  981:	{
        -:  982:	  //discard hand
    #####:  983:	  while(numHandCards(state) > 0)
        -:  984:	    {
    #####:  985:	      discardCard(handPos, currentPlayer, state, 0);
        -:  986:	    }
        -:  987:				
        -:  988:	  //draw 4
    #####:  989:	  for (i = 0; i < 4; i++)
        -:  990:	    {
    #####:  991:	      drawCard(currentPlayer, state);
        -:  992:	    }
        -:  993:				
        -:  994:	  //other players discard hand and redraw if hand size > 4
    #####:  995:	  for (i = 0; i < state->numPlayers; i++)
        -:  996:	    {
    #####:  997:	      if (i != currentPlayer)
        -:  998:		{
    #####:  999:		  if ( state->handCount[i] > 4 )
        -: 1000:		    {
        -: 1001:		      //discard hand
    #####: 1002:		      while( state->handCount[i] > 0 )
        -: 1003:			{
    #####: 1004:			  discardCard(handPos, i, state, 0);
        -: 1005:			}
        -: 1006:							
        -: 1007:		      //draw 4
    #####: 1008:		      for (j = 0; j < 4; j++)
        -: 1009:			{
    #####: 1010:			  drawCard(i, state);
        -: 1011:			}
        -: 1012:		    }
        -: 1013:		}
        -: 1014:	    }
        -: 1015:				
        -: 1016:	}
    #####: 1017:      return 0;
        -: 1018:    case tribute:
    #####: 1019:      if ((state->discardCount[nextPlayer] + state->deckCount[nextPlayer]) <= 1){
    #####: 1020:	if (state->deckCount[nextPlayer] > 0){
    #####: 1021:	  tributeRevealedCards[0] = state->deck[nextPlayer][state->deckCount[nextPlayer]-1];
    #####: 1022:	  state->deckCount[nextPlayer]--;
        -: 1023:	}
    #####: 1024:	else if (state->discardCount[nextPlayer] > 0){
    #####: 1025:	  tributeRevealedCards[0] = state->discard[nextPlayer][state->discardCount[nextPlayer]-1];
    #####: 1026:	  state->discardCount[nextPlayer]--;
        -: 1027:	}
        -: 1028:	else{
        -: 1029:	  //No Card to Reveal
        -: 1030:	  if (DEBUG){
        -: 1031:	    printf("No cards to reveal\n");
        -: 1032:	  }
        -: 1033:	}
        -: 1034:      }
        -: 1035:	    
        -: 1036:      else{
    #####: 1037:	if (state->deckCount[nextPlayer] == 0){
    #####: 1038:	  for (i = 0; i < state->discardCount[nextPlayer]; i++){
    #####: 1039:	    state->deck[nextPlayer][i] = state->discard[nextPlayer][i];//Move to deck
    #####: 1040:	    state->deckCount[nextPlayer]++;
    #####: 1041:	    state->discard[nextPlayer][i] = -1;
    #####: 1042:	    state->discardCount[nextPlayer]--;
        -: 1043:	  }
        -: 1044:			    
    #####: 1045:	  shuffle(nextPlayer,state);//Shuffle the deck
        -: 1046:	} 
    #####: 1047:	tributeRevealedCards[0] = state->deck[nextPlayer][state->deckCount[nextPlayer]-1];
    #####: 1048:	state->deck[nextPlayer][state->deckCount[nextPlayer]--] = -1;
    #####: 1049:	state->deckCount[nextPlayer]--;
    #####: 1050:	tributeRevealedCards[1] = state->deck[nextPlayer][state->deckCount[nextPlayer]-1];
    #####: 1051:	state->deck[nextPlayer][state->deckCount[nextPlayer]--] = -1;
    #####: 1052:	state->deckCount[nextPlayer]--;
        -: 1053:      }    
        -: 1054:		       
    #####: 1055:      if (tributeRevealedCards[0] == tributeRevealedCards[1]){//If we have a duplicate card, just drop one 
    #####: 1056:	state->playedCards[state->playedCardCount] = tributeRevealedCards[1];
    #####: 1057:	state->playedCardCount++;
    #####: 1058:	tributeRevealedCards[1] = -1;
        -: 1059:      }
        -: 1060:
    #####: 1061:      for (i = 0; i <= 2; i ++){
    #####: 1062:	if (tributeRevealedCards[i] == copper || tributeRevealedCards[i] == silver || tributeRevealedCards[i] == gold){//Treasure cards
    #####: 1063:	  state->coins += 2;
        -: 1064:	}
        -: 1065:		    
    #####: 1066:	else if (tributeRevealedCards[i] == estate || tributeRevealedCards[i] == duchy || tributeRevealedCards[i] == province || tributeRevealedCards[i] == gardens || tributeRevealedCards[i] == great_hall){//Victory Card Found
    #####: 1067:	  drawCard(currentPlayer, state);
    #####: 1068:	  drawCard(currentPlayer, state);
        -: 1069:	}
        -: 1070:	else{//Action Card
    #####: 1071:	  state->numActions = state->numActions + 2;
        -: 1072:	}
        -: 1073:      }
        -: 1074:	    
    #####: 1075:      return 0;
        -: 1076:		
        -: 1077:    case ambassador:
    #####: 1078:      j = 0;		//used to check if player has enough cards to discard
        -: 1079:
    #####: 1080:      if (choice2 > 2 || choice2 < 0)
        -: 1081:	{
    #####: 1082:	  return -1;				
        -: 1083:	}
        -: 1084:
    #####: 1085:      if (choice1 == handPos)
        -: 1086:	{
    #####: 1087:	  return -1;
        -: 1088:	}
        -: 1089:
    #####: 1090:      for (i = 0; i < state->handCount[currentPlayer]; i++)
        -: 1091:	{
    #####: 1092:	  if (i != handPos && i == state->hand[currentPlayer][choice1] && i != choice1)
        -: 1093:	    {
    #####: 1094:	      j++;
        -: 1095:	    }
        -: 1096:	}
    #####: 1097:      if (j < choice2)
        -: 1098:	{
    #####: 1099:	  return -1;				
        -: 1100:	}
        -: 1101:
        -: 1102:      if (DEBUG) 
        -: 1103:	printf("Player %d reveals card number: %d\n", currentPlayer, state->hand[currentPlayer][choice1]);
        -: 1104:
        -: 1105:      //increase supply count for choosen card by amount being discarded
    #####: 1106:      state->supplyCount[state->hand[currentPlayer][choice1]] += choice2;
        -: 1107:			
        -: 1108:      //each other player gains a copy of revealed card
    #####: 1109:      for (i = 0; i < state->numPlayers; i++)
        -: 1110:	{
    #####: 1111:	  if (i != currentPlayer)
        -: 1112:	    {
    #####: 1113:	      gainCard(state->hand[currentPlayer][choice1], state, 0, i);
        -: 1114:	    }
        -: 1115:	}
        -: 1116:
        -: 1117:      //discard played card from hand
    #####: 1118:      discardCard(handPos, currentPlayer, state, 0);			
        -: 1119:
        -: 1120:      //trash copies of cards returned to supply
    #####: 1121:      for (j = 0; j < choice2; j++)
        -: 1122:	{
    #####: 1123:	  for (i = 0; i < state->handCount[currentPlayer]; i++)
        -: 1124:	    {
    #####: 1125:	      if (state->hand[currentPlayer][i] == state->hand[currentPlayer][choice1])
        -: 1126:		{
    #####: 1127:		  discardCard(i, currentPlayer, state, 1);
    #####: 1128:		  break;
        -: 1129:		}
        -: 1130:	    }
        -: 1131:	}			
        -: 1132:
    #####: 1133:      return 0;
        -: 1134:		
        -: 1135:    case cutpurse:
        -: 1136:
    #####: 1137:      updateCoins(currentPlayer, state, 2);
    #####: 1138:      for (i = 0; i < state->numPlayers; i++)
        -: 1139:	{
    #####: 1140:	  if (i != currentPlayer)
        -: 1141:	    {
    #####: 1142:	      for (j = 0; j < state->handCount[i]; j++)
        -: 1143:		{
    #####: 1144:		  if (state->hand[i][j] == copper)
        -: 1145:		    {
    #####: 1146:		      discardCard(j, i, state, 0);
    #####: 1147:		      break;
        -: 1148:		    }
    #####: 1149:		  if (j == state->handCount[i])
        -: 1150:		    {
    #####: 1151:		      for (k = 0; k < state->handCount[i]; k++)
        -: 1152:			{
        -: 1153:			  if (DEBUG)
        -: 1154:			    printf("Player %d reveals card number %d\n", i, state->hand[i][k]);
        -: 1155:			}	
    #####: 1156:		      break;
        -: 1157:		    }		
        -: 1158:		}
        -: 1159:					
        -: 1160:	    }
        -: 1161:				
        -: 1162:	}				
        -: 1163:
        -: 1164:      //discard played card from hand
    #####: 1165:      discardCard(handPos, currentPlayer, state, 0);			
        -: 1166:
    #####: 1167:      return 0;
        -: 1168:
        -: 1169:		
        -: 1170:    case embargo: 
        -: 1171:      //+2 Coins
    #####: 1172:      state->coins = state->coins + 2;
        -: 1173:			
        -: 1174:      //see if selected pile is in play
    #####: 1175:      if ( state->supplyCount[choice1] == -1 )
        -: 1176:	{
    #####: 1177:	  return -1;
        -: 1178:	}
        -: 1179:			
        -: 1180:      //add embargo token to selected supply pile
    #####: 1181:      state->embargoTokens[choice1]++;
        -: 1182:			
        -: 1183:      //trash card
    #####: 1184:      discardCard(handPos, currentPlayer, state, 1);		
    #####: 1185:      return 0;
        -: 1186:		
        -: 1187:    case outpost:
        -: 1188:      //set outpost flag
    #####: 1189:      state->outpostPlayed++;
        -: 1190:			
        -: 1191:      //discard card
    #####: 1192:      discardCard(handPos, currentPlayer, state, 0);
    #####: 1193:      return 0;
        -: 1194:		
        -: 1195:    case salvager:
        -: 1196:      //+1 buy
    #####: 1197:      state->numBuys++;
        -: 1198:			
    #####: 1199:      if (choice1)
        -: 1200:	{
        -: 1201:	  //gain coins equal to trashed card
    #####: 1202:	  state->coins = state->coins + getCost( handCard(choice1, state) );
        -: 1203:	  //trash card
    #####: 1204:	  discardCard(choice1, currentPlayer, state, 1);	
        -: 1205:	}
        -: 1206:			
        -: 1207:      //discard card
    #####: 1208:      discardCard(handPos, currentPlayer, state, 0);
    #####: 1209:      return 0;
        -: 1210:		
        -: 1211:    case sea_hag:
    #####: 1212:      for (i = 0; i < state->numPlayers; i++){
    #####: 1213:	if (i != currentPlayer){
    #####: 1214:	  state->discard[i][state->discardCount[i]] = state->deck[i][state->deckCount[i]--];			    state->deckCount[i]--;
    #####: 1215:	  state->discardCount[i]++;
    #####: 1216:	  state->deck[i][state->deckCount[i]--] = curse;//Top card now a curse
        -: 1217:	}
        -: 1218:      }
    #####: 1219:      return 0;
        -: 1220:		
        -: 1221:    case treasure_map:
        -: 1222:      //search hand for another treasure_map
    #####: 1223:      index = -1;
    #####: 1224:      for (i = 0; i < state->handCount[currentPlayer]; i++)
        -: 1225:	{
    #####: 1226:	  if (state->hand[currentPlayer][i] == treasure_map && i != handPos)
        -: 1227:	    {
    #####: 1228:	      index = i;
    #####: 1229:	      break;
        -: 1230:	    }
        -: 1231:	}
    #####: 1232:      if (index > -1)
        -: 1233:	{
        -: 1234:	  //trash both treasure cards
    #####: 1235:	  discardCard(handPos, currentPlayer, state, 1);
    #####: 1236:	  discardCard(index, currentPlayer, state, 1);
        -: 1237:
        -: 1238:	  //gain 4 Gold cards
    #####: 1239:	  for (i = 0; i < 4; i++)
        -: 1240:	    {
    #####: 1241:	      gainCard(gold, state, 1, currentPlayer);
        -: 1242:	    }
        -: 1243:				
        -: 1244:	  //return success
    #####: 1245:	  return 1;
        -: 1246:	}
        -: 1247:			
        -: 1248:      //no second treasure_map found in hand
    #####: 1249:      return -1;
        -: 1250:    }
        -: 1251:	
       39: 1252:  return -1;
        -: 1253:}
        -: 1254:
        8: 1255:int discardCard(int handPos, int currentPlayer, struct gameState *state, int trashFlag)
        -: 1256:{
        -: 1257:	
        -: 1258:  //if card is not trashed, added to Played pile 
        8: 1259:  if (trashFlag < 1)
        -: 1260:    {
        -: 1261:      //add card to played pile
        8: 1262:      state->playedCards[state->playedCardCount] = state->hand[currentPlayer][handPos]; 
        8: 1263:      state->playedCardCount++;
        -: 1264:    }
        -: 1265:	
        -: 1266:  //set played card to -1
        8: 1267:  state->hand[currentPlayer][handPos] = -1;
        -: 1268:	
        -: 1269:  //remove card from player's hand
        8: 1270:  if ( handPos == (state->handCount[currentPlayer] - 1) ) 	//last card in hand array is played
        -: 1271:    {
        -: 1272:      //reduce number of cards in hand
    #####: 1273:      state->handCount[currentPlayer]--;
        -: 1274:    }
        8: 1275:  else if ( state->handCount[currentPlayer] == 1 ) //only one card in hand
        -: 1276:    {
        -: 1277:      //reduce number of cards in hand
    #####: 1278:      state->handCount[currentPlayer]--;
        -: 1279:    }
        -: 1280:  else 	
        -: 1281:    {
        -: 1282:      //replace discarded card with last card in hand
        8: 1283:      state->hand[currentPlayer][handPos] = state->hand[currentPlayer][ (state->handCount[currentPlayer] - 1)];
        -: 1284:      //set last card to -1
        8: 1285:      state->hand[currentPlayer][state->handCount[currentPlayer] - 1] = -1;
        -: 1286:      //reduce number of cards in hand
        8: 1287:      state->handCount[currentPlayer]--;
        -: 1288:    }
        -: 1289:	
        8: 1290:  return 0;
        -: 1291:}
        -: 1292:
      148: 1293:int gainCard(int supplyPos, struct gameState *state, int toFlag, int player)
        -: 1294:{
        -: 1295:  //Note: supplyPos is enum of choosen card
        -: 1296:	
        -: 1297:  //check if supply pile is empty (0) or card is not used in game (-1)
      148: 1298:  if ( supplyCount(supplyPos, state) < 1 )
        -: 1299:    {
    #####: 1300:      return -1;
        -: 1301:    }
        -: 1302:	
        -: 1303:  //added card for [whoseTurn] current player:
        -: 1304:  // toFlag = 0 : add to discard
        -: 1305:  // toFlag = 1 : add to deck
        -: 1306:  // toFlag = 2 : add to hand
        -: 1307:
      148: 1308:  if (toFlag == 1)
        -: 1309:    {
    #####: 1310:      state->deck[ player ][ state->deckCount[player] ] = supplyPos;
    #####: 1311:      state->deckCount[player]++;
        -: 1312:    }
      148: 1313:  else if (toFlag == 2)
        -: 1314:    {
    #####: 1315:      state->hand[ player ][ state->handCount[player] ] = supplyPos;
    #####: 1316:      state->handCount[player]++;
        -: 1317:    }
        -: 1318:  else
        -: 1319:    {
      148: 1320:      state->discard[player][ state->discardCount[player] ] = supplyPos;
      148: 1321:      state->discardCount[player]++;
        -: 1322:    }
        -: 1323:	
        -: 1324:  //decrease number in supply pile
      148: 1325:  state->supplyCount[supplyPos]--;
        -: 1326:	 
      148: 1327:  return 0;
        -: 1328:}
        -: 1329:
      188: 1330:int updateCoins(int player, struct gameState *state, int bonus)
        -: 1331:{
        -: 1332:  int i;
        -: 1333:	
        -: 1334:  //reset coin count
      188: 1335:  state->coins = 0;
        -: 1336:
        -: 1337:  //add coins for each Treasure card in player's hand
     1128: 1338:  for (i = 0; i < state->handCount[player]; i++)
        -: 1339:    {
      940: 1340:      if (state->hand[player][i] == copper)
        -: 1341:	{
      402: 1342:	  state->coins += 1;
        -: 1343:	}
      538: 1344:      else if (state->hand[player][i] == silver)
        -: 1345:	{
      219: 1346:	  state->coins += 2;
        -: 1347:	}
      319: 1348:      else if (state->hand[player][i] == gold)
        -: 1349:	{
       71: 1350:	  state->coins += 3;
        -: 1351:	}	
        -: 1352:    }	
        -: 1353:
        -: 1354:  //add bonus
      188: 1355:  state->coins += bonus;
        -: 1356:
      188: 1357:  return 0;
        -: 1358:}
        -: 1359:
        -: 1360:
        -: 1361://end of dominion.c
        -: 1362:
